This file contains any messages produced by compilers while
running configure, to aid debugging if configure makes a mistake.

It was created by libcoap configure 4.1.1, which was
generated by GNU Autoconf 2.69.  Invocation command line was

  $ ./configure --prefix=/home/nmacs/elster/ng4/omega/nuttx-7.3/libcoap/output --build=pc --host=arm-nuttx-eabi --with-memb --without-async --without-observe

## --------- ##
## Platform. ##
## --------- ##

hostname = nmacs-laptop
uname -m = x86_64
uname -r = 3.16.0-28-generic
uname -s = Linux
uname -v = #38-Ubuntu SMP Fri Dec 12 17:37:40 UTC 2014

/usr/bin/uname -p = unknown
/bin/uname -X     = unknown

/bin/arch              = unknown
/usr/bin/arch -k       = unknown
/usr/convex/getsysinfo = unknown
/usr/bin/hostinfo      = unknown
/bin/machine           = unknown
/usr/bin/oslevel       = unknown
/bin/universe          = unknown

PATH: /home/nmacs/elster/ng4/omega/nuttx/../misc/buildroot/build_arm_nofpu/staging_dir/bin
PATH: /home/nmacs/elster/ng4/omega/nuttx/configs/omega/tools
PATH: /sbin
PATH: /usr/sbin
PATH: /usr/bin
PATH: /sbin
PATH: /usr/sbin
PATH: /bin
PATH: /usr/bin
PATH: /usr/local/bin


## ----------- ##
## Core tests. ##
## ----------- ##

configure:2184: checking whether make sets $(MAKE)
configure:2206: result: yes
configure:2223: checking for arm-nuttx-eabi-gcc
configure:2250: result: arm-nuttx-eabi-gcc
configure:2519: checking for C compiler version
configure:2528: arm-nuttx-eabi-gcc --version >&5
arm-nuttx-eabi-gcc (GCC) 4.8.2
Copyright (C) 2013 Free Software Foundation, Inc.
This is free software; see the source for copying conditions.  There is NO
warranty; not even for MERCHANTABILITY or FITNESS FOR A PARTICULAR PURPOSE.

configure:2539: $? = 0
configure:2528: arm-nuttx-eabi-gcc -v >&5
Using built-in specs.
COLLECT_GCC=arm-nuttx-eabi-gcc
COLLECT_LTO_WRAPPER=/home/nmacs/elster/ng4/omega/misc/buildroot-1.13/build_arm_nofpu/staging_dir/libexec/gcc/arm-nuttx-eabi/4.8.2/lto-wrapper
Target: arm-nuttx-eabi
Configured with: /home/nmacs/elster/ng4/omega/misc/buildroot-1.13/toolchain_build_arm_nofpu/gcc-4.8.2/configure MAKEINFO=missing --prefix=/home/nmacs/elster/ng4/omega/misc/buildroot-1.13/build_arm_nofpu/staging_dir --build=x86_64-pc-elf --host=x86_64-pc-elf --target=arm-nuttx-eabi --enable-languages=c,c++ --disable-__cxa_atexit --disable-libssp --enable-target-optspace --with-gnu-ld 'target_configargs=LDFLAGS='\''-nostartfiles -nodefaultlibs'\'' --disable-hosted-libstdcxx' --disable-shared --disable-nls --enable-threads --disable-multilib --with-float=soft --with-abi=aapcs-linux --with-arch=armv7-m --with-tune=cortex-m4 --with-mode=thumb
Thread model: single
gcc version 4.8.2 (GCC) 
configure:2539: $? = 0
configure:2528: arm-nuttx-eabi-gcc -V >&5
arm-nuttx-eabi-gcc: error: unrecognized command line option '-V'
arm-nuttx-eabi-gcc: fatal error: no input files
compilation terminated.
configure:2539: $? = 1
configure:2528: arm-nuttx-eabi-gcc -qversion >&5
arm-nuttx-eabi-gcc: error: unrecognized command line option '-qversion'
arm-nuttx-eabi-gcc: fatal error: no input files
compilation terminated.
configure:2539: $? = 1
configure:2559: checking whether the C compiler works
configure:2581: arm-nuttx-eabi-gcc -fno-builtin -fdata-sections -ffunction-sections -DCOAP_WITHOUT_ASYNC -Wall -Wstrict-prototypes -Wshadow -g -Os -fno-strict-aliasing -fno-strength-reduce -fomit-frame-pointer -mcpu=cortex-m4 -mthumb -march=armv7e-m -mfloat-abi=soft -I. -isystem /home/nmacs/elster/ng4/omega/nuttx/include -D__nuttx__  -pipe -DCOAP_MAX_RESOURCES=16 -DCOAP_MAX_ATTRIBUTES=16 -DCOAP_MAX_SUBSCRIBERS=0 -DCOAP_MAX_PDU_SIZE=128 -DCOAP_PDU_MAXCNT=3 -DCOAP_RESOURCES_NOHASH -I. -isystem /home/nmacs/elster/ng4/omega/nuttx/include -D__nuttx__  -DWITH_MEMB -nostartfiles -nodefaultlibs -g conftest.c  >&5
conftest.c:11:1: warning: function declaration isn't a prototype [-Wstrict-prototypes]
 main ()
 ^
/home/nmacs/elster/ng4/omega/misc/buildroot-1.13/build_arm_nofpu/staging_dir/lib/gcc/arm-nuttx-eabi/4.8.2/../../../../arm-nuttx-eabi/bin/ld: warning: cannot find entry symbol _start; defaulting to 0000000000008000
configure:2585: $? = 0
configure:2633: result: yes
configure:2636: checking for C compiler default output file name
configure:2638: result: a.out
configure:2644: checking for suffix of executables
configure:2651: arm-nuttx-eabi-gcc -o conftest -fno-builtin -fdata-sections -ffunction-sections -DCOAP_WITHOUT_ASYNC -Wall -Wstrict-prototypes -Wshadow -g -Os -fno-strict-aliasing -fno-strength-reduce -fomit-frame-pointer -mcpu=cortex-m4 -mthumb -march=armv7e-m -mfloat-abi=soft -I. -isystem /home/nmacs/elster/ng4/omega/nuttx/include -D__nuttx__  -pipe -DCOAP_MAX_RESOURCES=16 -DCOAP_MAX_ATTRIBUTES=16 -DCOAP_MAX_SUBSCRIBERS=0 -DCOAP_MAX_PDU_SIZE=128 -DCOAP_PDU_MAXCNT=3 -DCOAP_RESOURCES_NOHASH -I. -isystem /home/nmacs/elster/ng4/omega/nuttx/include -D__nuttx__  -DWITH_MEMB -nostartfiles -nodefaultlibs -g conftest.c  >&5
conftest.c:11:1: warning: function declaration isn't a prototype [-Wstrict-prototypes]
 main ()
 ^
/home/nmacs/elster/ng4/omega/misc/buildroot-1.13/build_arm_nofpu/staging_dir/lib/gcc/arm-nuttx-eabi/4.8.2/../../../../arm-nuttx-eabi/bin/ld: warning: cannot find entry symbol _start; defaulting to 0000000000008000
configure:2655: $? = 0
configure:2677: result: 
configure:2699: checking whether we are cross compiling
configure:2737: result: yes
configure:2742: checking for suffix of object files
configure:2764: arm-nuttx-eabi-gcc -c -fno-builtin -fdata-sections -ffunction-sections -DCOAP_WITHOUT_ASYNC -Wall -Wstrict-prototypes -Wshadow -g -Os -fno-strict-aliasing -fno-strength-reduce -fomit-frame-pointer -mcpu=cortex-m4 -mthumb -march=armv7e-m -mfloat-abi=soft -I. -isystem /home/nmacs/elster/ng4/omega/nuttx/include -D__nuttx__  -pipe -DCOAP_MAX_RESOURCES=16 -DCOAP_MAX_ATTRIBUTES=16 -DCOAP_MAX_SUBSCRIBERS=0 -DCOAP_MAX_PDU_SIZE=128 -DCOAP_PDU_MAXCNT=3 -DCOAP_RESOURCES_NOHASH -I. -isystem /home/nmacs/elster/ng4/omega/nuttx/include -D__nuttx__  -DWITH_MEMB conftest.c >&5
conftest.c:11:1: warning: function declaration isn't a prototype [-Wstrict-prototypes]
 main ()
 ^
configure:2768: $? = 0
configure:2789: result: o
configure:2793: checking whether we are using the GNU C compiler
configure:2812: arm-nuttx-eabi-gcc -c -fno-builtin -fdata-sections -ffunction-sections -DCOAP_WITHOUT_ASYNC -Wall -Wstrict-prototypes -Wshadow -g -Os -fno-strict-aliasing -fno-strength-reduce -fomit-frame-pointer -mcpu=cortex-m4 -mthumb -march=armv7e-m -mfloat-abi=soft -I. -isystem /home/nmacs/elster/ng4/omega/nuttx/include -D__nuttx__  -pipe -DCOAP_MAX_RESOURCES=16 -DCOAP_MAX_ATTRIBUTES=16 -DCOAP_MAX_SUBSCRIBERS=0 -DCOAP_MAX_PDU_SIZE=128 -DCOAP_PDU_MAXCNT=3 -DCOAP_RESOURCES_NOHASH -I. -isystem /home/nmacs/elster/ng4/omega/nuttx/include -D__nuttx__  -DWITH_MEMB conftest.c >&5
conftest.c:11:1: warning: function declaration isn't a prototype [-Wstrict-prototypes]
 main ()
 ^
configure:2812: $? = 0
configure:2821: result: yes
configure:2830: checking whether arm-nuttx-eabi-gcc accepts -g
configure:2850: arm-nuttx-eabi-gcc -c -g -I. -isystem /home/nmacs/elster/ng4/omega/nuttx/include -D__nuttx__  -DWITH_MEMB conftest.c >&5
configure:2850: $? = 0
configure:2891: result: yes
configure:2908: checking for arm-nuttx-eabi-gcc option to accept ISO C89
configure:2971: arm-nuttx-eabi-gcc  -c -fno-builtin -fdata-sections -ffunction-sections -DCOAP_WITHOUT_ASYNC -Wall -Wstrict-prototypes -Wshadow -g -Os -fno-strict-aliasing -fno-strength-reduce -fomit-frame-pointer -mcpu=cortex-m4 -mthumb -march=armv7e-m -mfloat-abi=soft -I. -isystem /home/nmacs/elster/ng4/omega/nuttx/include -D__nuttx__  -pipe -DCOAP_MAX_RESOURCES=16 -DCOAP_MAX_ATTRIBUTES=16 -DCOAP_MAX_SUBSCRIBERS=0 -DCOAP_MAX_PDU_SIZE=128 -DCOAP_PDU_MAXCNT=3 -DCOAP_RESOURCES_NOHASH -I. -isystem /home/nmacs/elster/ng4/omega/nuttx/include -D__nuttx__  -DWITH_MEMB conftest.c >&5
conftest.c:15:14: warning: function declaration isn't a prototype [-Wstrict-prototypes]
 static char *e (p, i)
              ^
conftest.c:52:1: warning: function declaration isn't a prototype [-Wstrict-prototypes]
 main ()
 ^
configure:2971: $? = 0
configure:2984: result: none needed
configure:3007: checking for arm-nuttx-eabi-ranlib
configure:3023: found /home/nmacs/elster/ng4/omega/nuttx/../misc/buildroot/build_arm_nofpu/staging_dir/bin/arm-nuttx-eabi-ranlib
configure:3034: result: arm-nuttx-eabi-ranlib
configure:3098: checking for doxygen
configure:3116: found /usr/bin/doxygen
configure:3129: result: /usr/bin/doxygen
configure:3139: checking for etags
configure:3157: found /usr/bin/etags
configure:3170: result: /usr/bin/etags
configure:3185: checking how to run the C preprocessor
configure:3255: result: arm-nuttx-eabi-gcc -E
configure:3275: arm-nuttx-eabi-gcc -E -I. -isystem /home/nmacs/elster/ng4/omega/nuttx/include -D__nuttx__  -DWITH_MEMB conftest.c
configure:3275: $? = 0
configure:3289: arm-nuttx-eabi-gcc -E -I. -isystem /home/nmacs/elster/ng4/omega/nuttx/include -D__nuttx__  -DWITH_MEMB conftest.c
conftest.c:9:28: fatal error: ac_nonexistent.h: No such file or directory
 #include <ac_nonexistent.h>
                            ^
compilation terminated.
configure:3289: $? = 1
configure: failed program was:
| /* confdefs.h */
| #define PACKAGE_NAME "libcoap"
| #define PACKAGE_TARNAME "libcoap"
| #define PACKAGE_VERSION "4.1.1"
| #define PACKAGE_STRING "libcoap 4.1.1"
| #define PACKAGE_BUGREPORT ""
| #define PACKAGE_URL ""
| /* end confdefs.h.  */
| #include <ac_nonexistent.h>
configure:3318: checking for grep that handles long lines and -e
configure:3376: result: /bin/grep
configure:3381: checking for egrep
configure:3443: result: /bin/grep -E
configure:3448: checking for ANSI C header files
configure:3468: arm-nuttx-eabi-gcc -c -fno-builtin -fdata-sections -ffunction-sections -DCOAP_WITHOUT_ASYNC -Wall -Wstrict-prototypes -Wshadow -g -Os -fno-strict-aliasing -fno-strength-reduce -fomit-frame-pointer -mcpu=cortex-m4 -mthumb -march=armv7e-m -mfloat-abi=soft -I. -isystem /home/nmacs/elster/ng4/omega/nuttx/include -D__nuttx__  -pipe -DCOAP_MAX_RESOURCES=16 -DCOAP_MAX_ATTRIBUTES=16 -DCOAP_MAX_SUBSCRIBERS=0 -DCOAP_MAX_PDU_SIZE=128 -DCOAP_PDU_MAXCNT=3 -DCOAP_RESOURCES_NOHASH -I. -isystem /home/nmacs/elster/ng4/omega/nuttx/include -D__nuttx__  -DWITH_MEMB conftest.c >&5
conftest.c:15:1: warning: function declaration isn't a prototype [-Wstrict-prototypes]
 main ()
 ^
configure:3468: $? = 0
configure:3552: result: yes
configure:3565: checking for sys/types.h
configure:3565: arm-nuttx-eabi-gcc -c -fno-builtin -fdata-sections -ffunction-sections -DCOAP_WITHOUT_ASYNC -Wall -Wstrict-prototypes -Wshadow -g -Os -fno-strict-aliasing -fno-strength-reduce -fomit-frame-pointer -mcpu=cortex-m4 -mthumb -march=armv7e-m -mfloat-abi=soft -I. -isystem /home/nmacs/elster/ng4/omega/nuttx/include -D__nuttx__  -pipe -DCOAP_MAX_RESOURCES=16 -DCOAP_MAX_ATTRIBUTES=16 -DCOAP_MAX_SUBSCRIBERS=0 -DCOAP_MAX_PDU_SIZE=128 -DCOAP_PDU_MAXCNT=3 -DCOAP_RESOURCES_NOHASH -I. -isystem /home/nmacs/elster/ng4/omega/nuttx/include -D__nuttx__  -DWITH_MEMB conftest.c >&5
configure:3565: $? = 0
configure:3565: result: yes
configure:3565: checking for sys/stat.h
configure:3565: arm-nuttx-eabi-gcc -c -fno-builtin -fdata-sections -ffunction-sections -DCOAP_WITHOUT_ASYNC -Wall -Wstrict-prototypes -Wshadow -g -Os -fno-strict-aliasing -fno-strength-reduce -fomit-frame-pointer -mcpu=cortex-m4 -mthumb -march=armv7e-m -mfloat-abi=soft -I. -isystem /home/nmacs/elster/ng4/omega/nuttx/include -D__nuttx__  -pipe -DCOAP_MAX_RESOURCES=16 -DCOAP_MAX_ATTRIBUTES=16 -DCOAP_MAX_SUBSCRIBERS=0 -DCOAP_MAX_PDU_SIZE=128 -DCOAP_PDU_MAXCNT=3 -DCOAP_RESOURCES_NOHASH -I. -isystem /home/nmacs/elster/ng4/omega/nuttx/include -D__nuttx__  -DWITH_MEMB conftest.c >&5
configure:3565: $? = 0
configure:3565: result: yes
configure:3565: checking for stdlib.h
configure:3565: arm-nuttx-eabi-gcc -c -fno-builtin -fdata-sections -ffunction-sections -DCOAP_WITHOUT_ASYNC -Wall -Wstrict-prototypes -Wshadow -g -Os -fno-strict-aliasing -fno-strength-reduce -fomit-frame-pointer -mcpu=cortex-m4 -mthumb -march=armv7e-m -mfloat-abi=soft -I. -isystem /home/nmacs/elster/ng4/omega/nuttx/include -D__nuttx__  -pipe -DCOAP_MAX_RESOURCES=16 -DCOAP_MAX_ATTRIBUTES=16 -DCOAP_MAX_SUBSCRIBERS=0 -DCOAP_MAX_PDU_SIZE=128 -DCOAP_PDU_MAXCNT=3 -DCOAP_RESOURCES_NOHASH -I. -isystem /home/nmacs/elster/ng4/omega/nuttx/include -D__nuttx__  -DWITH_MEMB conftest.c >&5
configure:3565: $? = 0
configure:3565: result: yes
configure:3565: checking for string.h
configure:3565: arm-nuttx-eabi-gcc -c -fno-builtin -fdata-sections -ffunction-sections -DCOAP_WITHOUT_ASYNC -Wall -Wstrict-prototypes -Wshadow -g -Os -fno-strict-aliasing -fno-strength-reduce -fomit-frame-pointer -mcpu=cortex-m4 -mthumb -march=armv7e-m -mfloat-abi=soft -I. -isystem /home/nmacs/elster/ng4/omega/nuttx/include -D__nuttx__  -pipe -DCOAP_MAX_RESOURCES=16 -DCOAP_MAX_ATTRIBUTES=16 -DCOAP_MAX_SUBSCRIBERS=0 -DCOAP_MAX_PDU_SIZE=128 -DCOAP_PDU_MAXCNT=3 -DCOAP_RESOURCES_NOHASH -I. -isystem /home/nmacs/elster/ng4/omega/nuttx/include -D__nuttx__  -DWITH_MEMB conftest.c >&5
configure:3565: $? = 0
configure:3565: result: yes
configure:3565: checking for memory.h
configure:3565: arm-nuttx-eabi-gcc -c -fno-builtin -fdata-sections -ffunction-sections -DCOAP_WITHOUT_ASYNC -Wall -Wstrict-prototypes -Wshadow -g -Os -fno-strict-aliasing -fno-strength-reduce -fomit-frame-pointer -mcpu=cortex-m4 -mthumb -march=armv7e-m -mfloat-abi=soft -I. -isystem /home/nmacs/elster/ng4/omega/nuttx/include -D__nuttx__  -pipe -DCOAP_MAX_RESOURCES=16 -DCOAP_MAX_ATTRIBUTES=16 -DCOAP_MAX_SUBSCRIBERS=0 -DCOAP_MAX_PDU_SIZE=128 -DCOAP_PDU_MAXCNT=3 -DCOAP_RESOURCES_NOHASH -I. -isystem /home/nmacs/elster/ng4/omega/nuttx/include -D__nuttx__  -DWITH_MEMB conftest.c >&5
conftest.c:48:20: fatal error: memory.h: No such file or directory
 #include <memory.h>
                    ^
compilation terminated.
configure:3565: $? = 1
configure: failed program was:
| /* confdefs.h */
| #define PACKAGE_NAME "libcoap"
| #define PACKAGE_TARNAME "libcoap"
| #define PACKAGE_VERSION "4.1.1"
| #define PACKAGE_STRING "libcoap 4.1.1"
| #define PACKAGE_BUGREPORT ""
| #define PACKAGE_URL ""
| #define STDC_HEADERS 1
| #define HAVE_SYS_TYPES_H 1
| #define HAVE_SYS_STAT_H 1
| #define HAVE_STDLIB_H 1
| #define HAVE_STRING_H 1
| /* end confdefs.h.  */
| #include <stdio.h>
| #ifdef HAVE_SYS_TYPES_H
| # include <sys/types.h>
| #endif
| #ifdef HAVE_SYS_STAT_H
| # include <sys/stat.h>
| #endif
| #ifdef STDC_HEADERS
| # include <stdlib.h>
| # include <stddef.h>
| #else
| # ifdef HAVE_STDLIB_H
| #  include <stdlib.h>
| # endif
| #endif
| #ifdef HAVE_STRING_H
| # if !defined STDC_HEADERS && defined HAVE_MEMORY_H
| #  include <memory.h>
| # endif
| # include <string.h>
| #endif
| #ifdef HAVE_STRINGS_H
| # include <strings.h>
| #endif
| #ifdef HAVE_INTTYPES_H
| # include <inttypes.h>
| #endif
| #ifdef HAVE_STDINT_H
| # include <stdint.h>
| #endif
| #ifdef HAVE_UNISTD_H
| # include <unistd.h>
| #endif
| 
| #include <memory.h>
configure:3565: result: no
configure:3565: checking for strings.h
configure:3565: arm-nuttx-eabi-gcc -c -fno-builtin -fdata-sections -ffunction-sections -DCOAP_WITHOUT_ASYNC -Wall -Wstrict-prototypes -Wshadow -g -Os -fno-strict-aliasing -fno-strength-reduce -fomit-frame-pointer -mcpu=cortex-m4 -mthumb -march=armv7e-m -mfloat-abi=soft -I. -isystem /home/nmacs/elster/ng4/omega/nuttx/include -D__nuttx__  -pipe -DCOAP_MAX_RESOURCES=16 -DCOAP_MAX_ATTRIBUTES=16 -DCOAP_MAX_SUBSCRIBERS=0 -DCOAP_MAX_PDU_SIZE=128 -DCOAP_PDU_MAXCNT=3 -DCOAP_RESOURCES_NOHASH -I. -isystem /home/nmacs/elster/ng4/omega/nuttx/include -D__nuttx__  -DWITH_MEMB conftest.c >&5
conftest.c:48:21: fatal error: strings.h: No such file or directory
 #include <strings.h>
                     ^
compilation terminated.
configure:3565: $? = 1
configure: failed program was:
| /* confdefs.h */
| #define PACKAGE_NAME "libcoap"
| #define PACKAGE_TARNAME "libcoap"
| #define PACKAGE_VERSION "4.1.1"
| #define PACKAGE_STRING "libcoap 4.1.1"
| #define PACKAGE_BUGREPORT ""
| #define PACKAGE_URL ""
| #define STDC_HEADERS 1
| #define HAVE_SYS_TYPES_H 1
| #define HAVE_SYS_STAT_H 1
| #define HAVE_STDLIB_H 1
| #define HAVE_STRING_H 1
| /* end confdefs.h.  */
| #include <stdio.h>
| #ifdef HAVE_SYS_TYPES_H
| # include <sys/types.h>
| #endif
| #ifdef HAVE_SYS_STAT_H
| # include <sys/stat.h>
| #endif
| #ifdef STDC_HEADERS
| # include <stdlib.h>
| # include <stddef.h>
| #else
| # ifdef HAVE_STDLIB_H
| #  include <stdlib.h>
| # endif
| #endif
| #ifdef HAVE_STRING_H
| # if !defined STDC_HEADERS && defined HAVE_MEMORY_H
| #  include <memory.h>
| # endif
| # include <string.h>
| #endif
| #ifdef HAVE_STRINGS_H
| # include <strings.h>
| #endif
| #ifdef HAVE_INTTYPES_H
| # include <inttypes.h>
| #endif
| #ifdef HAVE_STDINT_H
| # include <stdint.h>
| #endif
| #ifdef HAVE_UNISTD_H
| # include <unistd.h>
| #endif
| 
| #include <strings.h>
configure:3565: result: no
configure:3565: checking for inttypes.h
configure:3565: arm-nuttx-eabi-gcc -c -fno-builtin -fdata-sections -ffunction-sections -DCOAP_WITHOUT_ASYNC -Wall -Wstrict-prototypes -Wshadow -g -Os -fno-strict-aliasing -fno-strength-reduce -fomit-frame-pointer -mcpu=cortex-m4 -mthumb -march=armv7e-m -mfloat-abi=soft -I. -isystem /home/nmacs/elster/ng4/omega/nuttx/include -D__nuttx__  -pipe -DCOAP_MAX_RESOURCES=16 -DCOAP_MAX_ATTRIBUTES=16 -DCOAP_MAX_SUBSCRIBERS=0 -DCOAP_MAX_PDU_SIZE=128 -DCOAP_PDU_MAXCNT=3 -DCOAP_RESOURCES_NOHASH -I. -isystem /home/nmacs/elster/ng4/omega/nuttx/include -D__nuttx__  -DWITH_MEMB conftest.c >&5
configure:3565: $? = 0
configure:3565: result: yes
configure:3565: checking for stdint.h
configure:3565: arm-nuttx-eabi-gcc -c -fno-builtin -fdata-sections -ffunction-sections -DCOAP_WITHOUT_ASYNC -Wall -Wstrict-prototypes -Wshadow -g -Os -fno-strict-aliasing -fno-strength-reduce -fomit-frame-pointer -mcpu=cortex-m4 -mthumb -march=armv7e-m -mfloat-abi=soft -I. -isystem /home/nmacs/elster/ng4/omega/nuttx/include -D__nuttx__  -pipe -DCOAP_MAX_RESOURCES=16 -DCOAP_MAX_ATTRIBUTES=16 -DCOAP_MAX_SUBSCRIBERS=0 -DCOAP_MAX_PDU_SIZE=128 -DCOAP_PDU_MAXCNT=3 -DCOAP_RESOURCES_NOHASH -I. -isystem /home/nmacs/elster/ng4/omega/nuttx/include -D__nuttx__  -DWITH_MEMB conftest.c >&5
configure:3565: $? = 0
configure:3565: result: yes
configure:3565: checking for unistd.h
configure:3565: arm-nuttx-eabi-gcc -c -fno-builtin -fdata-sections -ffunction-sections -DCOAP_WITHOUT_ASYNC -Wall -Wstrict-prototypes -Wshadow -g -Os -fno-strict-aliasing -fno-strength-reduce -fomit-frame-pointer -mcpu=cortex-m4 -mthumb -march=armv7e-m -mfloat-abi=soft -I. -isystem /home/nmacs/elster/ng4/omega/nuttx/include -D__nuttx__  -pipe -DCOAP_MAX_RESOURCES=16 -DCOAP_MAX_ATTRIBUTES=16 -DCOAP_MAX_SUBSCRIBERS=0 -DCOAP_MAX_PDU_SIZE=128 -DCOAP_PDU_MAXCNT=3 -DCOAP_RESOURCES_NOHASH -I. -isystem /home/nmacs/elster/ng4/omega/nuttx/include -D__nuttx__  -DWITH_MEMB conftest.c >&5
configure:3565: $? = 0
configure:3565: result: yes
configure:3577: checking whether byte ordering is bigendian
configure:3592: arm-nuttx-eabi-gcc -c -fno-builtin -fdata-sections -ffunction-sections -DCOAP_WITHOUT_ASYNC -Wall -Wstrict-prototypes -Wshadow -g -Os -fno-strict-aliasing -fno-strength-reduce -fomit-frame-pointer -mcpu=cortex-m4 -mthumb -march=armv7e-m -mfloat-abi=soft -I. -isystem /home/nmacs/elster/ng4/omega/nuttx/include -D__nuttx__  -pipe -DCOAP_MAX_RESOURCES=16 -DCOAP_MAX_ATTRIBUTES=16 -DCOAP_MAX_SUBSCRIBERS=0 -DCOAP_MAX_PDU_SIZE=128 -DCOAP_PDU_MAXCNT=3 -DCOAP_RESOURCES_NOHASH -I. -isystem /home/nmacs/elster/ng4/omega/nuttx/include -D__nuttx__  -DWITH_MEMB conftest.c >&5
conftest.c:18:9: error: unknown type name 'not'
         not a universal capable compiler
         ^
conftest.c:18:15: error: expected '=', ',', ';', 'asm' or '__attribute__' before 'universal'
         not a universal capable compiler
               ^
conftest.c:18:15: error: unknown type name 'universal'
configure:3592: $? = 1
configure: failed program was:
| /* confdefs.h */
| #define PACKAGE_NAME "libcoap"
| #define PACKAGE_TARNAME "libcoap"
| #define PACKAGE_VERSION "4.1.1"
| #define PACKAGE_STRING "libcoap 4.1.1"
| #define PACKAGE_BUGREPORT ""
| #define PACKAGE_URL ""
| #define STDC_HEADERS 1
| #define HAVE_SYS_TYPES_H 1
| #define HAVE_SYS_STAT_H 1
| #define HAVE_STDLIB_H 1
| #define HAVE_STRING_H 1
| #define HAVE_INTTYPES_H 1
| #define HAVE_STDINT_H 1
| #define HAVE_UNISTD_H 1
| /* end confdefs.h.  */
| #ifndef __APPLE_CC__
| 	       not a universal capable compiler
| 	     #endif
| 	     typedef int dummy;
| 
configure:3637: arm-nuttx-eabi-gcc -c -fno-builtin -fdata-sections -ffunction-sections -DCOAP_WITHOUT_ASYNC -Wall -Wstrict-prototypes -Wshadow -g -Os -fno-strict-aliasing -fno-strength-reduce -fomit-frame-pointer -mcpu=cortex-m4 -mthumb -march=armv7e-m -mfloat-abi=soft -I. -isystem /home/nmacs/elster/ng4/omega/nuttx/include -D__nuttx__  -pipe -DCOAP_MAX_RESOURCES=16 -DCOAP_MAX_ATTRIBUTES=16 -DCOAP_MAX_SUBSCRIBERS=0 -DCOAP_MAX_PDU_SIZE=128 -DCOAP_PDU_MAXCNT=3 -DCOAP_RESOURCES_NOHASH -I. -isystem /home/nmacs/elster/ng4/omega/nuttx/include -D__nuttx__  -DWITH_MEMB conftest.c >&5
conftest.c:18:29: fatal error: sys/param.h: No such file or directory
       #include <sys/param.h>
                             ^
compilation terminated.
configure:3637: $? = 1
configure: failed program was:
| /* confdefs.h */
| #define PACKAGE_NAME "libcoap"
| #define PACKAGE_TARNAME "libcoap"
| #define PACKAGE_VERSION "4.1.1"
| #define PACKAGE_STRING "libcoap 4.1.1"
| #define PACKAGE_BUGREPORT ""
| #define PACKAGE_URL ""
| #define STDC_HEADERS 1
| #define HAVE_SYS_TYPES_H 1
| #define HAVE_SYS_STAT_H 1
| #define HAVE_STDLIB_H 1
| #define HAVE_STRING_H 1
| #define HAVE_INTTYPES_H 1
| #define HAVE_STDINT_H 1
| #define HAVE_UNISTD_H 1
| /* end confdefs.h.  */
| #include <sys/types.h>
| 	     #include <sys/param.h>
| 
| int
| main ()
| {
| #if ! (defined BYTE_ORDER && defined BIG_ENDIAN 		     && defined LITTLE_ENDIAN && BYTE_ORDER && BIG_ENDIAN 		     && LITTLE_ENDIAN)
| 	      bogus endian macros
| 	     #endif
| 
|   ;
|   return 0;
| }
configure:3681: arm-nuttx-eabi-gcc -c -fno-builtin -fdata-sections -ffunction-sections -DCOAP_WITHOUT_ASYNC -Wall -Wstrict-prototypes -Wshadow -g -Os -fno-strict-aliasing -fno-strength-reduce -fomit-frame-pointer -mcpu=cortex-m4 -mthumb -march=armv7e-m -mfloat-abi=soft -I. -isystem /home/nmacs/elster/ng4/omega/nuttx/include -D__nuttx__  -pipe -DCOAP_MAX_RESOURCES=16 -DCOAP_MAX_ATTRIBUTES=16 -DCOAP_MAX_SUBSCRIBERS=0 -DCOAP_MAX_PDU_SIZE=128 -DCOAP_PDU_MAXCNT=3 -DCOAP_RESOURCES_NOHASH -I. -isystem /home/nmacs/elster/ng4/omega/nuttx/include -D__nuttx__  -DWITH_MEMB conftest.c >&5
conftest.c:20:1: warning: function declaration isn't a prototype [-Wstrict-prototypes]
 main ()
 ^
conftest.c: In function 'main':
conftest.c:23:8: error: unknown type name 'bogus'
        bogus endian macros
        ^
conftest.c:23:21: error: expected '=', ',', ';', 'asm' or '__attribute__' before 'macros'
        bogus endian macros
                     ^
configure:3681: $? = 1
configure: failed program was:
| /* confdefs.h */
| #define PACKAGE_NAME "libcoap"
| #define PACKAGE_TARNAME "libcoap"
| #define PACKAGE_VERSION "4.1.1"
| #define PACKAGE_STRING "libcoap 4.1.1"
| #define PACKAGE_BUGREPORT ""
| #define PACKAGE_URL ""
| #define STDC_HEADERS 1
| #define HAVE_SYS_TYPES_H 1
| #define HAVE_SYS_STAT_H 1
| #define HAVE_STDLIB_H 1
| #define HAVE_STRING_H 1
| #define HAVE_INTTYPES_H 1
| #define HAVE_STDINT_H 1
| #define HAVE_UNISTD_H 1
| /* end confdefs.h.  */
| #include <limits.h>
| 
| int
| main ()
| {
| #if ! (defined _LITTLE_ENDIAN || defined _BIG_ENDIAN)
| 	      bogus endian macros
| 	     #endif
| 
|   ;
|   return 0;
| }
configure:3737: arm-nuttx-eabi-gcc -c -fno-builtin -fdata-sections -ffunction-sections -DCOAP_WITHOUT_ASYNC -Wall -Wstrict-prototypes -Wshadow -g -Os -fno-strict-aliasing -fno-strength-reduce -fomit-frame-pointer -mcpu=cortex-m4 -mthumb -march=armv7e-m -mfloat-abi=soft -I. -isystem /home/nmacs/elster/ng4/omega/nuttx/include -D__nuttx__  -pipe -DCOAP_MAX_RESOURCES=16 -DCOAP_MAX_ATTRIBUTES=16 -DCOAP_MAX_SUBSCRIBERS=0 -DCOAP_MAX_PDU_SIZE=128 -DCOAP_PDU_MAXCNT=3 -DCOAP_RESOURCES_NOHASH -I. -isystem /home/nmacs/elster/ng4/omega/nuttx/include -D__nuttx__  -DWITH_MEMB conftest.c >&5
conftest.c:34:1: warning: function declaration isn't a prototype [-Wstrict-prototypes]
 main ()
 ^
configure:3737: $? = 0
configure:3783: result: no
configure:3803: checking for coap_new_pdu in -lcoap
configure:3828: arm-nuttx-eabi-gcc -o conftest -fno-builtin -fdata-sections -ffunction-sections -DCOAP_WITHOUT_ASYNC -Wall -Wstrict-prototypes -Wshadow -g -Os -fno-strict-aliasing -fno-strength-reduce -fomit-frame-pointer -mcpu=cortex-m4 -mthumb -march=armv7e-m -mfloat-abi=soft -I. -isystem /home/nmacs/elster/ng4/omega/nuttx/include -D__nuttx__  -pipe -DCOAP_MAX_RESOURCES=16 -DCOAP_MAX_ATTRIBUTES=16 -DCOAP_MAX_SUBSCRIBERS=0 -DCOAP_MAX_PDU_SIZE=128 -DCOAP_PDU_MAXCNT=3 -DCOAP_RESOURCES_NOHASH -I. -isystem /home/nmacs/elster/ng4/omega/nuttx/include -D__nuttx__  -DWITH_MEMB -nostartfiles -nodefaultlibs -g conftest.c -lcoap   >&5
conftest.c:24:1: warning: function declaration isn't a prototype [-Wstrict-prototypes]
 char coap_new_pdu ();
 ^
conftest.c:26:1: warning: function declaration isn't a prototype [-Wstrict-prototypes]
 main ()
 ^
/home/nmacs/elster/ng4/omega/misc/buildroot-1.13/build_arm_nofpu/staging_dir/lib/gcc/arm-nuttx-eabi/4.8.2/../../../../arm-nuttx-eabi/bin/ld: cannot find -lcoap
collect2: error: ld returned 1 exit status
configure:3828: $? = 1
configure: failed program was:
| /* confdefs.h */
| #define PACKAGE_NAME "libcoap"
| #define PACKAGE_TARNAME "libcoap"
| #define PACKAGE_VERSION "4.1.1"
| #define PACKAGE_STRING "libcoap 4.1.1"
| #define PACKAGE_BUGREPORT ""
| #define PACKAGE_URL ""
| #define STDC_HEADERS 1
| #define HAVE_SYS_TYPES_H 1
| #define HAVE_SYS_STAT_H 1
| #define HAVE_STDLIB_H 1
| #define HAVE_STRING_H 1
| #define HAVE_INTTYPES_H 1
| #define HAVE_STDINT_H 1
| #define HAVE_UNISTD_H 1
| /* end confdefs.h.  */
| 
| /* Override any GCC internal prototype to avoid an error.
|    Use char because int might match the return type of a GCC
|    builtin and then its argument prototype would still apply.  */
| #ifdef __cplusplus
| extern "C"
| #endif
| char coap_new_pdu ();
| int
| main ()
| {
| return coap_new_pdu ();
|   ;
|   return 0;
| }
configure:3837: result: no
configure:3849: checking for library containing gethostbyname
configure:3880: arm-nuttx-eabi-gcc -o conftest -fno-builtin -fdata-sections -ffunction-sections -DCOAP_WITHOUT_ASYNC -Wall -Wstrict-prototypes -Wshadow -g -Os -fno-strict-aliasing -fno-strength-reduce -fomit-frame-pointer -mcpu=cortex-m4 -mthumb -march=armv7e-m -mfloat-abi=soft -I. -isystem /home/nmacs/elster/ng4/omega/nuttx/include -D__nuttx__  -pipe -DCOAP_MAX_RESOURCES=16 -DCOAP_MAX_ATTRIBUTES=16 -DCOAP_MAX_SUBSCRIBERS=0 -DCOAP_MAX_PDU_SIZE=128 -DCOAP_PDU_MAXCNT=3 -DCOAP_RESOURCES_NOHASH -I. -isystem /home/nmacs/elster/ng4/omega/nuttx/include -D__nuttx__  -DWITH_MEMB -nostartfiles -nodefaultlibs -g conftest.c  >&5
conftest.c:24:1: warning: function declaration isn't a prototype [-Wstrict-prototypes]
 char gethostbyname ();
 ^
conftest.c:26:1: warning: function declaration isn't a prototype [-Wstrict-prototypes]
 main ()
 ^
/home/nmacs/elster/ng4/omega/misc/buildroot-1.13/build_arm_nofpu/staging_dir/lib/gcc/arm-nuttx-eabi/4.8.2/../../../../arm-nuttx-eabi/bin/ld: warning: cannot find entry symbol _start; defaulting to 0000000000008000
/tmp/ccxSJdnH.o: In function `main':
/home/nmacs/elster/ng4/omega/nuttx-7.3/libcoap/libcoap-4.1.1/conftest.c:28: undefined reference to `gethostbyname'
collect2: error: ld returned 1 exit status
configure:3880: $? = 1
configure: failed program was:
| /* confdefs.h */
| #define PACKAGE_NAME "libcoap"
| #define PACKAGE_TARNAME "libcoap"
| #define PACKAGE_VERSION "4.1.1"
| #define PACKAGE_STRING "libcoap 4.1.1"
| #define PACKAGE_BUGREPORT ""
| #define PACKAGE_URL ""
| #define STDC_HEADERS 1
| #define HAVE_SYS_TYPES_H 1
| #define HAVE_SYS_STAT_H 1
| #define HAVE_STDLIB_H 1
| #define HAVE_STRING_H 1
| #define HAVE_INTTYPES_H 1
| #define HAVE_STDINT_H 1
| #define HAVE_UNISTD_H 1
| /* end confdefs.h.  */
| 
| /* Override any GCC internal prototype to avoid an error.
|    Use char because int might match the return type of a GCC
|    builtin and then its argument prototype would still apply.  */
| #ifdef __cplusplus
| extern "C"
| #endif
| char gethostbyname ();
| int
| main ()
| {
| return gethostbyname ();
|   ;
|   return 0;
| }
configure:3880: arm-nuttx-eabi-gcc -o conftest -fno-builtin -fdata-sections -ffunction-sections -DCOAP_WITHOUT_ASYNC -Wall -Wstrict-prototypes -Wshadow -g -Os -fno-strict-aliasing -fno-strength-reduce -fomit-frame-pointer -mcpu=cortex-m4 -mthumb -march=armv7e-m -mfloat-abi=soft -I. -isystem /home/nmacs/elster/ng4/omega/nuttx/include -D__nuttx__  -pipe -DCOAP_MAX_RESOURCES=16 -DCOAP_MAX_ATTRIBUTES=16 -DCOAP_MAX_SUBSCRIBERS=0 -DCOAP_MAX_PDU_SIZE=128 -DCOAP_PDU_MAXCNT=3 -DCOAP_RESOURCES_NOHASH -I. -isystem /home/nmacs/elster/ng4/omega/nuttx/include -D__nuttx__  -DWITH_MEMB -nostartfiles -nodefaultlibs -g conftest.c -lnsl   >&5
conftest.c:24:1: warning: function declaration isn't a prototype [-Wstrict-prototypes]
 char gethostbyname ();
 ^
conftest.c:26:1: warning: function declaration isn't a prototype [-Wstrict-prototypes]
 main ()
 ^
/home/nmacs/elster/ng4/omega/misc/buildroot-1.13/build_arm_nofpu/staging_dir/lib/gcc/arm-nuttx-eabi/4.8.2/../../../../arm-nuttx-eabi/bin/ld: cannot find -lnsl
collect2: error: ld returned 1 exit status
configure:3880: $? = 1
configure: failed program was:
| /* confdefs.h */
| #define PACKAGE_NAME "libcoap"
| #define PACKAGE_TARNAME "libcoap"
| #define PACKAGE_VERSION "4.1.1"
| #define PACKAGE_STRING "libcoap 4.1.1"
| #define PACKAGE_BUGREPORT ""
| #define PACKAGE_URL ""
| #define STDC_HEADERS 1
| #define HAVE_SYS_TYPES_H 1
| #define HAVE_SYS_STAT_H 1
| #define HAVE_STDLIB_H 1
| #define HAVE_STRING_H 1
| #define HAVE_INTTYPES_H 1
| #define HAVE_STDINT_H 1
| #define HAVE_UNISTD_H 1
| /* end confdefs.h.  */
| 
| /* Override any GCC internal prototype to avoid an error.
|    Use char because int might match the return type of a GCC
|    builtin and then its argument prototype would still apply.  */
| #ifdef __cplusplus
| extern "C"
| #endif
| char gethostbyname ();
| int
| main ()
| {
| return gethostbyname ();
|   ;
|   return 0;
| }
configure:3897: result: no
configure:3905: checking for library containing socket
configure:3936: arm-nuttx-eabi-gcc -o conftest -fno-builtin -fdata-sections -ffunction-sections -DCOAP_WITHOUT_ASYNC -Wall -Wstrict-prototypes -Wshadow -g -Os -fno-strict-aliasing -fno-strength-reduce -fomit-frame-pointer -mcpu=cortex-m4 -mthumb -march=armv7e-m -mfloat-abi=soft -I. -isystem /home/nmacs/elster/ng4/omega/nuttx/include -D__nuttx__  -pipe -DCOAP_MAX_RESOURCES=16 -DCOAP_MAX_ATTRIBUTES=16 -DCOAP_MAX_SUBSCRIBERS=0 -DCOAP_MAX_PDU_SIZE=128 -DCOAP_PDU_MAXCNT=3 -DCOAP_RESOURCES_NOHASH -I. -isystem /home/nmacs/elster/ng4/omega/nuttx/include -D__nuttx__  -DWITH_MEMB -nostartfiles -nodefaultlibs -g conftest.c  >&5
conftest.c:24:1: warning: function declaration isn't a prototype [-Wstrict-prototypes]
 char socket ();
 ^
conftest.c:26:1: warning: function declaration isn't a prototype [-Wstrict-prototypes]
 main ()
 ^
/home/nmacs/elster/ng4/omega/misc/buildroot-1.13/build_arm_nofpu/staging_dir/lib/gcc/arm-nuttx-eabi/4.8.2/../../../../arm-nuttx-eabi/bin/ld: warning: cannot find entry symbol _start; defaulting to 0000000000008000
/tmp/cccc860L.o: In function `main':
/home/nmacs/elster/ng4/omega/nuttx-7.3/libcoap/libcoap-4.1.1/conftest.c:28: undefined reference to `socket'
collect2: error: ld returned 1 exit status
configure:3936: $? = 1
configure: failed program was:
| /* confdefs.h */
| #define PACKAGE_NAME "libcoap"
| #define PACKAGE_TARNAME "libcoap"
| #define PACKAGE_VERSION "4.1.1"
| #define PACKAGE_STRING "libcoap 4.1.1"
| #define PACKAGE_BUGREPORT ""
| #define PACKAGE_URL ""
| #define STDC_HEADERS 1
| #define HAVE_SYS_TYPES_H 1
| #define HAVE_SYS_STAT_H 1
| #define HAVE_STDLIB_H 1
| #define HAVE_STRING_H 1
| #define HAVE_INTTYPES_H 1
| #define HAVE_STDINT_H 1
| #define HAVE_UNISTD_H 1
| /* end confdefs.h.  */
| 
| /* Override any GCC internal prototype to avoid an error.
|    Use char because int might match the return type of a GCC
|    builtin and then its argument prototype would still apply.  */
| #ifdef __cplusplus
| extern "C"
| #endif
| char socket ();
| int
| main ()
| {
| return socket ();
|   ;
|   return 0;
| }
configure:3936: arm-nuttx-eabi-gcc -o conftest -fno-builtin -fdata-sections -ffunction-sections -DCOAP_WITHOUT_ASYNC -Wall -Wstrict-prototypes -Wshadow -g -Os -fno-strict-aliasing -fno-strength-reduce -fomit-frame-pointer -mcpu=cortex-m4 -mthumb -march=armv7e-m -mfloat-abi=soft -I. -isystem /home/nmacs/elster/ng4/omega/nuttx/include -D__nuttx__  -pipe -DCOAP_MAX_RESOURCES=16 -DCOAP_MAX_ATTRIBUTES=16 -DCOAP_MAX_SUBSCRIBERS=0 -DCOAP_MAX_PDU_SIZE=128 -DCOAP_PDU_MAXCNT=3 -DCOAP_RESOURCES_NOHASH -I. -isystem /home/nmacs/elster/ng4/omega/nuttx/include -D__nuttx__  -DWITH_MEMB -nostartfiles -nodefaultlibs -g conftest.c -lsocket   >&5
conftest.c:24:1: warning: function declaration isn't a prototype [-Wstrict-prototypes]
 char socket ();
 ^
conftest.c:26:1: warning: function declaration isn't a prototype [-Wstrict-prototypes]
 main ()
 ^
/home/nmacs/elster/ng4/omega/misc/buildroot-1.13/build_arm_nofpu/staging_dir/lib/gcc/arm-nuttx-eabi/4.8.2/../../../../arm-nuttx-eabi/bin/ld: cannot find -lsocket
collect2: error: ld returned 1 exit status
configure:3936: $? = 1
configure: failed program was:
| /* confdefs.h */
| #define PACKAGE_NAME "libcoap"
| #define PACKAGE_TARNAME "libcoap"
| #define PACKAGE_VERSION "4.1.1"
| #define PACKAGE_STRING "libcoap 4.1.1"
| #define PACKAGE_BUGREPORT ""
| #define PACKAGE_URL ""
| #define STDC_HEADERS 1
| #define HAVE_SYS_TYPES_H 1
| #define HAVE_SYS_STAT_H 1
| #define HAVE_STDLIB_H 1
| #define HAVE_STRING_H 1
| #define HAVE_INTTYPES_H 1
| #define HAVE_STDINT_H 1
| #define HAVE_UNISTD_H 1
| /* end confdefs.h.  */
| 
| /* Override any GCC internal prototype to avoid an error.
|    Use char because int might match the return type of a GCC
|    builtin and then its argument prototype would still apply.  */
| #ifdef __cplusplus
| extern "C"
| #endif
| char socket ();
| int
| main ()
| {
| return socket ();
|   ;
|   return 0;
| }
configure:3953: result: no
configure:4020: checking assert.h usability
configure:4020: arm-nuttx-eabi-gcc -c -fno-builtin -fdata-sections -ffunction-sections -DCOAP_WITHOUT_ASYNC -Wall -Wstrict-prototypes -Wshadow -g -Os -fno-strict-aliasing -fno-strength-reduce -fomit-frame-pointer -mcpu=cortex-m4 -mthumb -march=armv7e-m -mfloat-abi=soft -I. -isystem /home/nmacs/elster/ng4/omega/nuttx/include -D__nuttx__  -pipe -DCOAP_MAX_RESOURCES=16 -DCOAP_MAX_ATTRIBUTES=16 -DCOAP_MAX_SUBSCRIBERS=0 -DCOAP_MAX_PDU_SIZE=128 -DCOAP_PDU_MAXCNT=3 -DCOAP_RESOURCES_NOHASH -I. -isystem /home/nmacs/elster/ng4/omega/nuttx/include -D__nuttx__  -DWITH_MEMB -DWITHOUT_ASYNC -DWITHOUT_OBSERVE -DWITH_POSIX conftest.c >&5
configure:4020: $? = 0
configure:4020: result: yes
configure:4020: checking assert.h presence
configure:4020: arm-nuttx-eabi-gcc -E -I. -isystem /home/nmacs/elster/ng4/omega/nuttx/include -D__nuttx__  -DWITH_MEMB -DWITHOUT_ASYNC -DWITHOUT_OBSERVE -DWITH_POSIX conftest.c
configure:4020: $? = 0
configure:4020: result: yes
configure:4020: checking for assert.h
configure:4020: result: yes
configure:4020: checking arpa/inet.h usability
configure:4020: arm-nuttx-eabi-gcc -c -fno-builtin -fdata-sections -ffunction-sections -DCOAP_WITHOUT_ASYNC -Wall -Wstrict-prototypes -Wshadow -g -Os -fno-strict-aliasing -fno-strength-reduce -fomit-frame-pointer -mcpu=cortex-m4 -mthumb -march=armv7e-m -mfloat-abi=soft -I. -isystem /home/nmacs/elster/ng4/omega/nuttx/include -D__nuttx__  -pipe -DCOAP_MAX_RESOURCES=16 -DCOAP_MAX_ATTRIBUTES=16 -DCOAP_MAX_SUBSCRIBERS=0 -DCOAP_MAX_PDU_SIZE=128 -DCOAP_PDU_MAXCNT=3 -DCOAP_RESOURCES_NOHASH -I. -isystem /home/nmacs/elster/ng4/omega/nuttx/include -D__nuttx__  -DWITH_MEMB -DWITHOUT_ASYNC -DWITHOUT_OBSERVE -DWITH_POSIX conftest.c >&5
configure:4020: $? = 0
configure:4020: result: yes
configure:4020: checking arpa/inet.h presence
configure:4020: arm-nuttx-eabi-gcc -E -I. -isystem /home/nmacs/elster/ng4/omega/nuttx/include -D__nuttx__  -DWITH_MEMB -DWITHOUT_ASYNC -DWITHOUT_OBSERVE -DWITH_POSIX conftest.c
configure:4020: $? = 0
configure:4020: result: yes
configure:4020: checking for arpa/inet.h
configure:4020: result: yes
configure:4020: checking limits.h usability
configure:4020: arm-nuttx-eabi-gcc -c -fno-builtin -fdata-sections -ffunction-sections -DCOAP_WITHOUT_ASYNC -Wall -Wstrict-prototypes -Wshadow -g -Os -fno-strict-aliasing -fno-strength-reduce -fomit-frame-pointer -mcpu=cortex-m4 -mthumb -march=armv7e-m -mfloat-abi=soft -I. -isystem /home/nmacs/elster/ng4/omega/nuttx/include -D__nuttx__  -pipe -DCOAP_MAX_RESOURCES=16 -DCOAP_MAX_ATTRIBUTES=16 -DCOAP_MAX_SUBSCRIBERS=0 -DCOAP_MAX_PDU_SIZE=128 -DCOAP_PDU_MAXCNT=3 -DCOAP_RESOURCES_NOHASH -I. -isystem /home/nmacs/elster/ng4/omega/nuttx/include -D__nuttx__  -DWITH_MEMB -DWITHOUT_ASYNC -DWITHOUT_OBSERVE -DWITH_POSIX conftest.c >&5
configure:4020: $? = 0
configure:4020: result: yes
configure:4020: checking limits.h presence
configure:4020: arm-nuttx-eabi-gcc -E -I. -isystem /home/nmacs/elster/ng4/omega/nuttx/include -D__nuttx__  -DWITH_MEMB -DWITHOUT_ASYNC -DWITHOUT_OBSERVE -DWITH_POSIX conftest.c
configure:4020: $? = 0
configure:4020: result: yes
configure:4020: checking for limits.h
configure:4020: result: yes
configure:4020: checking netdb.h usability
configure:4020: arm-nuttx-eabi-gcc -c -fno-builtin -fdata-sections -ffunction-sections -DCOAP_WITHOUT_ASYNC -Wall -Wstrict-prototypes -Wshadow -g -Os -fno-strict-aliasing -fno-strength-reduce -fomit-frame-pointer -mcpu=cortex-m4 -mthumb -march=armv7e-m -mfloat-abi=soft -I. -isystem /home/nmacs/elster/ng4/omega/nuttx/include -D__nuttx__  -pipe -DCOAP_MAX_RESOURCES=16 -DCOAP_MAX_ATTRIBUTES=16 -DCOAP_MAX_SUBSCRIBERS=0 -DCOAP_MAX_PDU_SIZE=128 -DCOAP_PDU_MAXCNT=3 -DCOAP_RESOURCES_NOHASH -I. -isystem /home/nmacs/elster/ng4/omega/nuttx/include -D__nuttx__  -DWITH_MEMB -DWITHOUT_ASYNC -DWITHOUT_OBSERVE -DWITH_POSIX conftest.c >&5
conftest.c:53:19: fatal error: netdb.h: No such file or directory
 #include <netdb.h>
                   ^
compilation terminated.
configure:4020: $? = 1
configure: failed program was:
| /* confdefs.h */
| #define PACKAGE_NAME "libcoap"
| #define PACKAGE_TARNAME "libcoap"
| #define PACKAGE_VERSION "4.1.1"
| #define PACKAGE_STRING "libcoap 4.1.1"
| #define PACKAGE_BUGREPORT ""
| #define PACKAGE_URL ""
| #define STDC_HEADERS 1
| #define HAVE_SYS_TYPES_H 1
| #define HAVE_SYS_STAT_H 1
| #define HAVE_STDLIB_H 1
| #define HAVE_STRING_H 1
| #define HAVE_INTTYPES_H 1
| #define HAVE_STDINT_H 1
| #define HAVE_UNISTD_H 1
| #define HAVE_ASSERT_H 1
| #define HAVE_ARPA_INET_H 1
| #define HAVE_LIMITS_H 1
| /* end confdefs.h.  */
| #include <stdio.h>
| #ifdef HAVE_SYS_TYPES_H
| # include <sys/types.h>
| #endif
| #ifdef HAVE_SYS_STAT_H
| # include <sys/stat.h>
| #endif
| #ifdef STDC_HEADERS
| # include <stdlib.h>
| # include <stddef.h>
| #else
| # ifdef HAVE_STDLIB_H
| #  include <stdlib.h>
| # endif
| #endif
| #ifdef HAVE_STRING_H
| # if !defined STDC_HEADERS && defined HAVE_MEMORY_H
| #  include <memory.h>
| # endif
| # include <string.h>
| #endif
| #ifdef HAVE_STRINGS_H
| # include <strings.h>
| #endif
| #ifdef HAVE_INTTYPES_H
| # include <inttypes.h>
| #endif
| #ifdef HAVE_STDINT_H
| # include <stdint.h>
| #endif
| #ifdef HAVE_UNISTD_H
| # include <unistd.h>
| #endif
| #include <netdb.h>
configure:4020: result: no
configure:4020: checking netdb.h presence
configure:4020: arm-nuttx-eabi-gcc -E -I. -isystem /home/nmacs/elster/ng4/omega/nuttx/include -D__nuttx__  -DWITH_MEMB -DWITHOUT_ASYNC -DWITHOUT_OBSERVE -DWITH_POSIX conftest.c
conftest.c:20:19: fatal error: netdb.h: No such file or directory
 #include <netdb.h>
                   ^
compilation terminated.
configure:4020: $? = 1
configure: failed program was:
| /* confdefs.h */
| #define PACKAGE_NAME "libcoap"
| #define PACKAGE_TARNAME "libcoap"
| #define PACKAGE_VERSION "4.1.1"
| #define PACKAGE_STRING "libcoap 4.1.1"
| #define PACKAGE_BUGREPORT ""
| #define PACKAGE_URL ""
| #define STDC_HEADERS 1
| #define HAVE_SYS_TYPES_H 1
| #define HAVE_SYS_STAT_H 1
| #define HAVE_STDLIB_H 1
| #define HAVE_STRING_H 1
| #define HAVE_INTTYPES_H 1
| #define HAVE_STDINT_H 1
| #define HAVE_UNISTD_H 1
| #define HAVE_ASSERT_H 1
| #define HAVE_ARPA_INET_H 1
| #define HAVE_LIMITS_H 1
| /* end confdefs.h.  */
| #include <netdb.h>
configure:4020: result: no
configure:4020: checking for netdb.h
configure:4020: result: no
configure:4020: checking netinet/in.h usability
configure:4020: arm-nuttx-eabi-gcc -c -fno-builtin -fdata-sections -ffunction-sections -DCOAP_WITHOUT_ASYNC -Wall -Wstrict-prototypes -Wshadow -g -Os -fno-strict-aliasing -fno-strength-reduce -fomit-frame-pointer -mcpu=cortex-m4 -mthumb -march=armv7e-m -mfloat-abi=soft -I. -isystem /home/nmacs/elster/ng4/omega/nuttx/include -D__nuttx__  -pipe -DCOAP_MAX_RESOURCES=16 -DCOAP_MAX_ATTRIBUTES=16 -DCOAP_MAX_SUBSCRIBERS=0 -DCOAP_MAX_PDU_SIZE=128 -DCOAP_PDU_MAXCNT=3 -DCOAP_RESOURCES_NOHASH -I. -isystem /home/nmacs/elster/ng4/omega/nuttx/include -D__nuttx__  -DWITH_MEMB -DWITHOUT_ASYNC -DWITHOUT_OBSERVE -DWITH_POSIX conftest.c >&5
configure:4020: $? = 0
configure:4020: result: yes
configure:4020: checking netinet/in.h presence
configure:4020: arm-nuttx-eabi-gcc -E -I. -isystem /home/nmacs/elster/ng4/omega/nuttx/include -D__nuttx__  -DWITH_MEMB -DWITHOUT_ASYNC -DWITHOUT_OBSERVE -DWITH_POSIX conftest.c
configure:4020: $? = 0
configure:4020: result: yes
configure:4020: checking for netinet/in.h
configure:4020: result: yes
configure:4020: checking for stdlib.h
configure:4020: result: yes
configure:4020: checking for string.h
configure:4020: result: yes
configure:4020: checking for strings.h
configure:4020: result: no
configure:4020: checking sys/socket.h usability
configure:4020: arm-nuttx-eabi-gcc -c -fno-builtin -fdata-sections -ffunction-sections -DCOAP_WITHOUT_ASYNC -Wall -Wstrict-prototypes -Wshadow -g -Os -fno-strict-aliasing -fno-strength-reduce -fomit-frame-pointer -mcpu=cortex-m4 -mthumb -march=armv7e-m -mfloat-abi=soft -I. -isystem /home/nmacs/elster/ng4/omega/nuttx/include -D__nuttx__  -pipe -DCOAP_MAX_RESOURCES=16 -DCOAP_MAX_ATTRIBUTES=16 -DCOAP_MAX_SUBSCRIBERS=0 -DCOAP_MAX_PDU_SIZE=128 -DCOAP_PDU_MAXCNT=3 -DCOAP_RESOURCES_NOHASH -I. -isystem /home/nmacs/elster/ng4/omega/nuttx/include -D__nuttx__  -DWITH_MEMB -DWITHOUT_ASYNC -DWITHOUT_OBSERVE -DWITH_POSIX conftest.c >&5
configure:4020: $? = 0
configure:4020: result: yes
configure:4020: checking sys/socket.h presence
configure:4020: arm-nuttx-eabi-gcc -E -I. -isystem /home/nmacs/elster/ng4/omega/nuttx/include -D__nuttx__  -DWITH_MEMB -DWITHOUT_ASYNC -DWITHOUT_OBSERVE -DWITH_POSIX conftest.c
configure:4020: $? = 0
configure:4020: result: yes
configure:4020: checking for sys/socket.h
configure:4020: result: yes
configure:4020: checking sys/time.h usability
configure:4020: arm-nuttx-eabi-gcc -c -fno-builtin -fdata-sections -ffunction-sections -DCOAP_WITHOUT_ASYNC -Wall -Wstrict-prototypes -Wshadow -g -Os -fno-strict-aliasing -fno-strength-reduce -fomit-frame-pointer -mcpu=cortex-m4 -mthumb -march=armv7e-m -mfloat-abi=soft -I. -isystem /home/nmacs/elster/ng4/omega/nuttx/include -D__nuttx__  -pipe -DCOAP_MAX_RESOURCES=16 -DCOAP_MAX_ATTRIBUTES=16 -DCOAP_MAX_SUBSCRIBERS=0 -DCOAP_MAX_PDU_SIZE=128 -DCOAP_PDU_MAXCNT=3 -DCOAP_RESOURCES_NOHASH -I. -isystem /home/nmacs/elster/ng4/omega/nuttx/include -D__nuttx__  -DWITH_MEMB -DWITHOUT_ASYNC -DWITHOUT_OBSERVE -DWITH_POSIX conftest.c >&5
configure:4020: $? = 0
configure:4020: result: yes
configure:4020: checking sys/time.h presence
configure:4020: arm-nuttx-eabi-gcc -E -I. -isystem /home/nmacs/elster/ng4/omega/nuttx/include -D__nuttx__  -DWITH_MEMB -DWITHOUT_ASYNC -DWITHOUT_OBSERVE -DWITH_POSIX conftest.c
configure:4020: $? = 0
configure:4020: result: yes
configure:4020: checking for sys/time.h
configure:4020: result: yes
configure:4020: checking time.h usability
configure:4020: arm-nuttx-eabi-gcc -c -fno-builtin -fdata-sections -ffunction-sections -DCOAP_WITHOUT_ASYNC -Wall -Wstrict-prototypes -Wshadow -g -Os -fno-strict-aliasing -fno-strength-reduce -fomit-frame-pointer -mcpu=cortex-m4 -mthumb -march=armv7e-m -mfloat-abi=soft -I. -isystem /home/nmacs/elster/ng4/omega/nuttx/include -D__nuttx__  -pipe -DCOAP_MAX_RESOURCES=16 -DCOAP_MAX_ATTRIBUTES=16 -DCOAP_MAX_SUBSCRIBERS=0 -DCOAP_MAX_PDU_SIZE=128 -DCOAP_PDU_MAXCNT=3 -DCOAP_RESOURCES_NOHASH -I. -isystem /home/nmacs/elster/ng4/omega/nuttx/include -D__nuttx__  -DWITH_MEMB -DWITHOUT_ASYNC -DWITHOUT_OBSERVE -DWITH_POSIX conftest.c >&5
configure:4020: $? = 0
configure:4020: result: yes
configure:4020: checking time.h presence
configure:4020: arm-nuttx-eabi-gcc -E -I. -isystem /home/nmacs/elster/ng4/omega/nuttx/include -D__nuttx__  -DWITH_MEMB -DWITHOUT_ASYNC -DWITHOUT_OBSERVE -DWITH_POSIX conftest.c
configure:4020: $? = 0
configure:4020: result: yes
configure:4020: checking for time.h
configure:4020: result: yes
configure:4020: checking for unistd.h
configure:4020: result: yes
configure:4020: checking sys/unistd.h usability
configure:4020: arm-nuttx-eabi-gcc -c -fno-builtin -fdata-sections -ffunction-sections -DCOAP_WITHOUT_ASYNC -Wall -Wstrict-prototypes -Wshadow -g -Os -fno-strict-aliasing -fno-strength-reduce -fomit-frame-pointer -mcpu=cortex-m4 -mthumb -march=armv7e-m -mfloat-abi=soft -I. -isystem /home/nmacs/elster/ng4/omega/nuttx/include -D__nuttx__  -pipe -DCOAP_MAX_RESOURCES=16 -DCOAP_MAX_ATTRIBUTES=16 -DCOAP_MAX_SUBSCRIBERS=0 -DCOAP_MAX_PDU_SIZE=128 -DCOAP_PDU_MAXCNT=3 -DCOAP_RESOURCES_NOHASH -I. -isystem /home/nmacs/elster/ng4/omega/nuttx/include -D__nuttx__  -DWITH_MEMB -DWITHOUT_ASYNC -DWITHOUT_OBSERVE -DWITH_POSIX conftest.c >&5
conftest.c:60:24: fatal error: sys/unistd.h: No such file or directory
 #include <sys/unistd.h>
                        ^
compilation terminated.
configure:4020: $? = 1
configure: failed program was:
| /* confdefs.h */
| #define PACKAGE_NAME "libcoap"
| #define PACKAGE_TARNAME "libcoap"
| #define PACKAGE_VERSION "4.1.1"
| #define PACKAGE_STRING "libcoap 4.1.1"
| #define PACKAGE_BUGREPORT ""
| #define PACKAGE_URL ""
| #define STDC_HEADERS 1
| #define HAVE_SYS_TYPES_H 1
| #define HAVE_SYS_STAT_H 1
| #define HAVE_STDLIB_H 1
| #define HAVE_STRING_H 1
| #define HAVE_INTTYPES_H 1
| #define HAVE_STDINT_H 1
| #define HAVE_UNISTD_H 1
| #define HAVE_ASSERT_H 1
| #define HAVE_ARPA_INET_H 1
| #define HAVE_LIMITS_H 1
| #define HAVE_NETINET_IN_H 1
| #define HAVE_STDLIB_H 1
| #define HAVE_STRING_H 1
| #define HAVE_SYS_SOCKET_H 1
| #define HAVE_SYS_TIME_H 1
| #define HAVE_TIME_H 1
| #define HAVE_UNISTD_H 1
| /* end confdefs.h.  */
| #include <stdio.h>
| #ifdef HAVE_SYS_TYPES_H
| # include <sys/types.h>
| #endif
| #ifdef HAVE_SYS_STAT_H
| # include <sys/stat.h>
| #endif
| #ifdef STDC_HEADERS
| # include <stdlib.h>
| # include <stddef.h>
| #else
| # ifdef HAVE_STDLIB_H
| #  include <stdlib.h>
| # endif
| #endif
| #ifdef HAVE_STRING_H
| # if !defined STDC_HEADERS && defined HAVE_MEMORY_H
| #  include <memory.h>
| # endif
| # include <string.h>
| #endif
| #ifdef HAVE_STRINGS_H
| # include <strings.h>
| #endif
| #ifdef HAVE_INTTYPES_H
| # include <inttypes.h>
| #endif
| #ifdef HAVE_STDINT_H
| # include <stdint.h>
| #endif
| #ifdef HAVE_UNISTD_H
| # include <unistd.h>
| #endif
| #include <sys/unistd.h>
configure:4020: result: no
configure:4020: checking sys/unistd.h presence
configure:4020: arm-nuttx-eabi-gcc -E -I. -isystem /home/nmacs/elster/ng4/omega/nuttx/include -D__nuttx__  -DWITH_MEMB -DWITHOUT_ASYNC -DWITHOUT_OBSERVE -DWITH_POSIX conftest.c
conftest.c:27:24: fatal error: sys/unistd.h: No such file or directory
 #include <sys/unistd.h>
                        ^
compilation terminated.
configure:4020: $? = 1
configure: failed program was:
| /* confdefs.h */
| #define PACKAGE_NAME "libcoap"
| #define PACKAGE_TARNAME "libcoap"
| #define PACKAGE_VERSION "4.1.1"
| #define PACKAGE_STRING "libcoap 4.1.1"
| #define PACKAGE_BUGREPORT ""
| #define PACKAGE_URL ""
| #define STDC_HEADERS 1
| #define HAVE_SYS_TYPES_H 1
| #define HAVE_SYS_STAT_H 1
| #define HAVE_STDLIB_H 1
| #define HAVE_STRING_H 1
| #define HAVE_INTTYPES_H 1
| #define HAVE_STDINT_H 1
| #define HAVE_UNISTD_H 1
| #define HAVE_ASSERT_H 1
| #define HAVE_ARPA_INET_H 1
| #define HAVE_LIMITS_H 1
| #define HAVE_NETINET_IN_H 1
| #define HAVE_STDLIB_H 1
| #define HAVE_STRING_H 1
| #define HAVE_SYS_SOCKET_H 1
| #define HAVE_SYS_TIME_H 1
| #define HAVE_TIME_H 1
| #define HAVE_UNISTD_H 1
| /* end confdefs.h.  */
| #include <sys/unistd.h>
configure:4020: result: no
configure:4020: checking for sys/unistd.h
configure:4020: result: no
configure:4020: checking syslog.h usability
configure:4020: arm-nuttx-eabi-gcc -c -fno-builtin -fdata-sections -ffunction-sections -DCOAP_WITHOUT_ASYNC -Wall -Wstrict-prototypes -Wshadow -g -Os -fno-strict-aliasing -fno-strength-reduce -fomit-frame-pointer -mcpu=cortex-m4 -mthumb -march=armv7e-m -mfloat-abi=soft -I. -isystem /home/nmacs/elster/ng4/omega/nuttx/include -D__nuttx__  -pipe -DCOAP_MAX_RESOURCES=16 -DCOAP_MAX_ATTRIBUTES=16 -DCOAP_MAX_SUBSCRIBERS=0 -DCOAP_MAX_PDU_SIZE=128 -DCOAP_PDU_MAXCNT=3 -DCOAP_RESOURCES_NOHASH -I. -isystem /home/nmacs/elster/ng4/omega/nuttx/include -D__nuttx__  -DWITH_MEMB -DWITHOUT_ASYNC -DWITHOUT_OBSERVE -DWITH_POSIX conftest.c >&5
configure:4020: $? = 0
configure:4020: result: yes
configure:4020: checking syslog.h presence
configure:4020: arm-nuttx-eabi-gcc -E -I. -isystem /home/nmacs/elster/ng4/omega/nuttx/include -D__nuttx__  -DWITH_MEMB -DWITHOUT_ASYNC -DWITHOUT_OBSERVE -DWITH_POSIX conftest.c
configure:4020: $? = 0
configure:4020: result: yes
configure:4020: checking for syslog.h
configure:4020: result: yes
configure:4032: checking for size_t
configure:4032: arm-nuttx-eabi-gcc -c -fno-builtin -fdata-sections -ffunction-sections -DCOAP_WITHOUT_ASYNC -Wall -Wstrict-prototypes -Wshadow -g -Os -fno-strict-aliasing -fno-strength-reduce -fomit-frame-pointer -mcpu=cortex-m4 -mthumb -march=armv7e-m -mfloat-abi=soft -I. -isystem /home/nmacs/elster/ng4/omega/nuttx/include -D__nuttx__  -pipe -DCOAP_MAX_RESOURCES=16 -DCOAP_MAX_ATTRIBUTES=16 -DCOAP_MAX_SUBSCRIBERS=0 -DCOAP_MAX_PDU_SIZE=128 -DCOAP_PDU_MAXCNT=3 -DCOAP_RESOURCES_NOHASH -I. -isystem /home/nmacs/elster/ng4/omega/nuttx/include -D__nuttx__  -DWITH_MEMB -DWITHOUT_ASYNC -DWITHOUT_OBSERVE -DWITH_POSIX conftest.c >&5
conftest.c:62:1: warning: function declaration isn't a prototype [-Wstrict-prototypes]
 main ()
 ^
configure:4032: $? = 0
configure:4032: arm-nuttx-eabi-gcc -c -fno-builtin -fdata-sections -ffunction-sections -DCOAP_WITHOUT_ASYNC -Wall -Wstrict-prototypes -Wshadow -g -Os -fno-strict-aliasing -fno-strength-reduce -fomit-frame-pointer -mcpu=cortex-m4 -mthumb -march=armv7e-m -mfloat-abi=soft -I. -isystem /home/nmacs/elster/ng4/omega/nuttx/include -D__nuttx__  -pipe -DCOAP_MAX_RESOURCES=16 -DCOAP_MAX_ATTRIBUTES=16 -DCOAP_MAX_SUBSCRIBERS=0 -DCOAP_MAX_PDU_SIZE=128 -DCOAP_PDU_MAXCNT=3 -DCOAP_RESOURCES_NOHASH -I. -isystem /home/nmacs/elster/ng4/omega/nuttx/include -D__nuttx__  -DWITH_MEMB -DWITHOUT_ASYNC -DWITHOUT_OBSERVE -DWITH_POSIX conftest.c >&5
conftest.c:62:1: warning: function declaration isn't a prototype [-Wstrict-prototypes]
 main ()
 ^
conftest.c: In function 'main':
conftest.c:64:21: error: expected expression before ')' token
 if (sizeof ((size_t)))
                     ^
configure:4032: $? = 1
configure: failed program was:
| /* confdefs.h */
| #define PACKAGE_NAME "libcoap"
| #define PACKAGE_TARNAME "libcoap"
| #define PACKAGE_VERSION "4.1.1"
| #define PACKAGE_STRING "libcoap 4.1.1"
| #define PACKAGE_BUGREPORT ""
| #define PACKAGE_URL ""
| #define STDC_HEADERS 1
| #define HAVE_SYS_TYPES_H 1
| #define HAVE_SYS_STAT_H 1
| #define HAVE_STDLIB_H 1
| #define HAVE_STRING_H 1
| #define HAVE_INTTYPES_H 1
| #define HAVE_STDINT_H 1
| #define HAVE_UNISTD_H 1
| #define HAVE_ASSERT_H 1
| #define HAVE_ARPA_INET_H 1
| #define HAVE_LIMITS_H 1
| #define HAVE_NETINET_IN_H 1
| #define HAVE_STDLIB_H 1
| #define HAVE_STRING_H 1
| #define HAVE_SYS_SOCKET_H 1
| #define HAVE_SYS_TIME_H 1
| #define HAVE_TIME_H 1
| #define HAVE_UNISTD_H 1
| #define HAVE_SYSLOG_H 1
| /* end confdefs.h.  */
| #include <stdio.h>
| #ifdef HAVE_SYS_TYPES_H
| # include <sys/types.h>
| #endif
| #ifdef HAVE_SYS_STAT_H
| # include <sys/stat.h>
| #endif
| #ifdef STDC_HEADERS
| # include <stdlib.h>
| # include <stddef.h>
| #else
| # ifdef HAVE_STDLIB_H
| #  include <stdlib.h>
| # endif
| #endif
| #ifdef HAVE_STRING_H
| # if !defined STDC_HEADERS && defined HAVE_MEMORY_H
| #  include <memory.h>
| # endif
| # include <string.h>
| #endif
| #ifdef HAVE_STRINGS_H
| # include <strings.h>
| #endif
| #ifdef HAVE_INTTYPES_H
| # include <inttypes.h>
| #endif
| #ifdef HAVE_STDINT_H
| # include <stdint.h>
| #endif
| #ifdef HAVE_UNISTD_H
| # include <unistd.h>
| #endif
| int
| main ()
| {
| if (sizeof ((size_t)))
| 	    return 0;
|   ;
|   return 0;
| }
configure:4032: result: yes
configure:4043: checking for ssize_t
configure:4043: arm-nuttx-eabi-gcc -c -fno-builtin -fdata-sections -ffunction-sections -DCOAP_WITHOUT_ASYNC -Wall -Wstrict-prototypes -Wshadow -g -Os -fno-strict-aliasing -fno-strength-reduce -fomit-frame-pointer -mcpu=cortex-m4 -mthumb -march=armv7e-m -mfloat-abi=soft -I. -isystem /home/nmacs/elster/ng4/omega/nuttx/include -D__nuttx__  -pipe -DCOAP_MAX_RESOURCES=16 -DCOAP_MAX_ATTRIBUTES=16 -DCOAP_MAX_SUBSCRIBERS=0 -DCOAP_MAX_PDU_SIZE=128 -DCOAP_PDU_MAXCNT=3 -DCOAP_RESOURCES_NOHASH -I. -isystem /home/nmacs/elster/ng4/omega/nuttx/include -D__nuttx__  -DWITH_MEMB -DWITHOUT_ASYNC -DWITHOUT_OBSERVE -DWITH_POSIX conftest.c >&5
conftest.c:62:1: warning: function declaration isn't a prototype [-Wstrict-prototypes]
 main ()
 ^
configure:4043: $? = 0
configure:4043: arm-nuttx-eabi-gcc -c -fno-builtin -fdata-sections -ffunction-sections -DCOAP_WITHOUT_ASYNC -Wall -Wstrict-prototypes -Wshadow -g -Os -fno-strict-aliasing -fno-strength-reduce -fomit-frame-pointer -mcpu=cortex-m4 -mthumb -march=armv7e-m -mfloat-abi=soft -I. -isystem /home/nmacs/elster/ng4/omega/nuttx/include -D__nuttx__  -pipe -DCOAP_MAX_RESOURCES=16 -DCOAP_MAX_ATTRIBUTES=16 -DCOAP_MAX_SUBSCRIBERS=0 -DCOAP_MAX_PDU_SIZE=128 -DCOAP_PDU_MAXCNT=3 -DCOAP_RESOURCES_NOHASH -I. -isystem /home/nmacs/elster/ng4/omega/nuttx/include -D__nuttx__  -DWITH_MEMB -DWITHOUT_ASYNC -DWITHOUT_OBSERVE -DWITH_POSIX conftest.c >&5
conftest.c:62:1: warning: function declaration isn't a prototype [-Wstrict-prototypes]
 main ()
 ^
conftest.c: In function 'main':
conftest.c:64:22: error: expected expression before ')' token
 if (sizeof ((ssize_t)))
                      ^
configure:4043: $? = 1
configure: failed program was:
| /* confdefs.h */
| #define PACKAGE_NAME "libcoap"
| #define PACKAGE_TARNAME "libcoap"
| #define PACKAGE_VERSION "4.1.1"
| #define PACKAGE_STRING "libcoap 4.1.1"
| #define PACKAGE_BUGREPORT ""
| #define PACKAGE_URL ""
| #define STDC_HEADERS 1
| #define HAVE_SYS_TYPES_H 1
| #define HAVE_SYS_STAT_H 1
| #define HAVE_STDLIB_H 1
| #define HAVE_STRING_H 1
| #define HAVE_INTTYPES_H 1
| #define HAVE_STDINT_H 1
| #define HAVE_UNISTD_H 1
| #define HAVE_ASSERT_H 1
| #define HAVE_ARPA_INET_H 1
| #define HAVE_LIMITS_H 1
| #define HAVE_NETINET_IN_H 1
| #define HAVE_STDLIB_H 1
| #define HAVE_STRING_H 1
| #define HAVE_SYS_SOCKET_H 1
| #define HAVE_SYS_TIME_H 1
| #define HAVE_TIME_H 1
| #define HAVE_UNISTD_H 1
| #define HAVE_SYSLOG_H 1
| /* end confdefs.h.  */
| #include <stdio.h>
| #ifdef HAVE_SYS_TYPES_H
| # include <sys/types.h>
| #endif
| #ifdef HAVE_SYS_STAT_H
| # include <sys/stat.h>
| #endif
| #ifdef STDC_HEADERS
| # include <stdlib.h>
| # include <stddef.h>
| #else
| # ifdef HAVE_STDLIB_H
| #  include <stdlib.h>
| # endif
| #endif
| #ifdef HAVE_STRING_H
| # if !defined STDC_HEADERS && defined HAVE_MEMORY_H
| #  include <memory.h>
| # endif
| # include <string.h>
| #endif
| #ifdef HAVE_STRINGS_H
| # include <strings.h>
| #endif
| #ifdef HAVE_INTTYPES_H
| # include <inttypes.h>
| #endif
| #ifdef HAVE_STDINT_H
| # include <stdint.h>
| #endif
| #ifdef HAVE_UNISTD_H
| # include <unistd.h>
| #endif
| int
| main ()
| {
| if (sizeof ((ssize_t)))
| 	    return 0;
|   ;
|   return 0;
| }
configure:4043: result: yes
configure:4058: checking for stdlib.h
configure:4058: result: yes
configure:4068: checking for GNU libc compatible malloc
configure:4102: result: no
configure:4126: checking for memset
configure:4126: arm-nuttx-eabi-gcc -o conftest -fno-builtin -fdata-sections -ffunction-sections -DCOAP_WITHOUT_ASYNC -Wall -Wstrict-prototypes -Wshadow -g -Os -fno-strict-aliasing -fno-strength-reduce -fomit-frame-pointer -mcpu=cortex-m4 -mthumb -march=armv7e-m -mfloat-abi=soft -I. -isystem /home/nmacs/elster/ng4/omega/nuttx/include -D__nuttx__  -pipe -DCOAP_MAX_RESOURCES=16 -DCOAP_MAX_ATTRIBUTES=16 -DCOAP_MAX_SUBSCRIBERS=0 -DCOAP_MAX_PDU_SIZE=128 -DCOAP_PDU_MAXCNT=3 -DCOAP_RESOURCES_NOHASH -I. -isystem /home/nmacs/elster/ng4/omega/nuttx/include -D__nuttx__  -DWITH_MEMB -DWITHOUT_ASYNC -DWITHOUT_OBSERVE -DWITH_POSIX -nostartfiles -nodefaultlibs -g conftest.c  >&5
conftest.c:54:1: warning: function declaration isn't a prototype [-Wstrict-prototypes]
 char memset ();
 ^
conftest.c:63:1: warning: function declaration isn't a prototype [-Wstrict-prototypes]
 main ()
 ^
/home/nmacs/elster/ng4/omega/misc/buildroot-1.13/build_arm_nofpu/staging_dir/lib/gcc/arm-nuttx-eabi/4.8.2/../../../../arm-nuttx-eabi/bin/ld: warning: cannot find entry symbol _start; defaulting to 0000000000008000
/tmp/ccIuYPWq.o: In function `main':
/home/nmacs/elster/ng4/omega/nuttx-7.3/libcoap/libcoap-4.1.1/conftest.c:65: undefined reference to `memset'
collect2: error: ld returned 1 exit status
configure:4126: $? = 1
configure: failed program was:
| /* confdefs.h */
| #define PACKAGE_NAME "libcoap"
| #define PACKAGE_TARNAME "libcoap"
| #define PACKAGE_VERSION "4.1.1"
| #define PACKAGE_STRING "libcoap 4.1.1"
| #define PACKAGE_BUGREPORT ""
| #define PACKAGE_URL ""
| #define STDC_HEADERS 1
| #define HAVE_SYS_TYPES_H 1
| #define HAVE_SYS_STAT_H 1
| #define HAVE_STDLIB_H 1
| #define HAVE_STRING_H 1
| #define HAVE_INTTYPES_H 1
| #define HAVE_STDINT_H 1
| #define HAVE_UNISTD_H 1
| #define HAVE_ASSERT_H 1
| #define HAVE_ARPA_INET_H 1
| #define HAVE_LIMITS_H 1
| #define HAVE_NETINET_IN_H 1
| #define HAVE_STDLIB_H 1
| #define HAVE_STRING_H 1
| #define HAVE_SYS_SOCKET_H 1
| #define HAVE_SYS_TIME_H 1
| #define HAVE_TIME_H 1
| #define HAVE_UNISTD_H 1
| #define HAVE_SYSLOG_H 1
| #define HAVE_STDLIB_H 1
| #define HAVE_MALLOC 0
| #define malloc rpl_malloc
| /* end confdefs.h.  */
| /* Define memset to an innocuous variant, in case <limits.h> declares memset.
|    For example, HP-UX 11i <limits.h> declares gettimeofday.  */
| #define memset innocuous_memset
| 
| /* System header to define __stub macros and hopefully few prototypes,
|     which can conflict with char memset (); below.
|     Prefer <limits.h> to <assert.h> if __STDC__ is defined, since
|     <limits.h> exists even on freestanding compilers.  */
| 
| #ifdef __STDC__
| # include <limits.h>
| #else
| # include <assert.h>
| #endif
| 
| #undef memset
| 
| /* Override any GCC internal prototype to avoid an error.
|    Use char because int might match the return type of a GCC
|    builtin and then its argument prototype would still apply.  */
| #ifdef __cplusplus
| extern "C"
| #endif
| char memset ();
| /* The GNU C library defines this for functions which it implements
|     to always fail with ENOSYS.  Some functions are actually named
|     something starting with __ and the normal name is an alias.  */
| #if defined __stub_memset || defined __stub___memset
| choke me
| #endif
| 
| int
| main ()
| {
| return memset ();
|   ;
|   return 0;
| }
configure:4126: result: no
configure:4126: checking for select
configure:4126: arm-nuttx-eabi-gcc -o conftest -fno-builtin -fdata-sections -ffunction-sections -DCOAP_WITHOUT_ASYNC -Wall -Wstrict-prototypes -Wshadow -g -Os -fno-strict-aliasing -fno-strength-reduce -fomit-frame-pointer -mcpu=cortex-m4 -mthumb -march=armv7e-m -mfloat-abi=soft -I. -isystem /home/nmacs/elster/ng4/omega/nuttx/include -D__nuttx__  -pipe -DCOAP_MAX_RESOURCES=16 -DCOAP_MAX_ATTRIBUTES=16 -DCOAP_MAX_SUBSCRIBERS=0 -DCOAP_MAX_PDU_SIZE=128 -DCOAP_PDU_MAXCNT=3 -DCOAP_RESOURCES_NOHASH -I. -isystem /home/nmacs/elster/ng4/omega/nuttx/include -D__nuttx__  -DWITH_MEMB -DWITHOUT_ASYNC -DWITHOUT_OBSERVE -DWITH_POSIX -nostartfiles -nodefaultlibs -g conftest.c  >&5
conftest.c:54:1: warning: function declaration isn't a prototype [-Wstrict-prototypes]
 char select ();
 ^
conftest.c:63:1: warning: function declaration isn't a prototype [-Wstrict-prototypes]
 main ()
 ^
/home/nmacs/elster/ng4/omega/misc/buildroot-1.13/build_arm_nofpu/staging_dir/lib/gcc/arm-nuttx-eabi/4.8.2/../../../../arm-nuttx-eabi/bin/ld: warning: cannot find entry symbol _start; defaulting to 0000000000008000
/tmp/cchZVhGw.o: In function `main':
/home/nmacs/elster/ng4/omega/nuttx-7.3/libcoap/libcoap-4.1.1/conftest.c:65: undefined reference to `select'
collect2: error: ld returned 1 exit status
configure:4126: $? = 1
configure: failed program was:
| /* confdefs.h */
| #define PACKAGE_NAME "libcoap"
| #define PACKAGE_TARNAME "libcoap"
| #define PACKAGE_VERSION "4.1.1"
| #define PACKAGE_STRING "libcoap 4.1.1"
| #define PACKAGE_BUGREPORT ""
| #define PACKAGE_URL ""
| #define STDC_HEADERS 1
| #define HAVE_SYS_TYPES_H 1
| #define HAVE_SYS_STAT_H 1
| #define HAVE_STDLIB_H 1
| #define HAVE_STRING_H 1
| #define HAVE_INTTYPES_H 1
| #define HAVE_STDINT_H 1
| #define HAVE_UNISTD_H 1
| #define HAVE_ASSERT_H 1
| #define HAVE_ARPA_INET_H 1
| #define HAVE_LIMITS_H 1
| #define HAVE_NETINET_IN_H 1
| #define HAVE_STDLIB_H 1
| #define HAVE_STRING_H 1
| #define HAVE_SYS_SOCKET_H 1
| #define HAVE_SYS_TIME_H 1
| #define HAVE_TIME_H 1
| #define HAVE_UNISTD_H 1
| #define HAVE_SYSLOG_H 1
| #define HAVE_STDLIB_H 1
| #define HAVE_MALLOC 0
| #define malloc rpl_malloc
| /* end confdefs.h.  */
| /* Define select to an innocuous variant, in case <limits.h> declares select.
|    For example, HP-UX 11i <limits.h> declares gettimeofday.  */
| #define select innocuous_select
| 
| /* System header to define __stub macros and hopefully few prototypes,
|     which can conflict with char select (); below.
|     Prefer <limits.h> to <assert.h> if __STDC__ is defined, since
|     <limits.h> exists even on freestanding compilers.  */
| 
| #ifdef __STDC__
| # include <limits.h>
| #else
| # include <assert.h>
| #endif
| 
| #undef select
| 
| /* Override any GCC internal prototype to avoid an error.
|    Use char because int might match the return type of a GCC
|    builtin and then its argument prototype would still apply.  */
| #ifdef __cplusplus
| extern "C"
| #endif
| char select ();
| /* The GNU C library defines this for functions which it implements
|     to always fail with ENOSYS.  Some functions are actually named
|     something starting with __ and the normal name is an alias.  */
| #if defined __stub_select || defined __stub___select
| choke me
| #endif
| 
| int
| main ()
| {
| return select ();
|   ;
|   return 0;
| }
configure:4126: result: no
configure:4126: checking for socket
configure:4126: arm-nuttx-eabi-gcc -o conftest -fno-builtin -fdata-sections -ffunction-sections -DCOAP_WITHOUT_ASYNC -Wall -Wstrict-prototypes -Wshadow -g -Os -fno-strict-aliasing -fno-strength-reduce -fomit-frame-pointer -mcpu=cortex-m4 -mthumb -march=armv7e-m -mfloat-abi=soft -I. -isystem /home/nmacs/elster/ng4/omega/nuttx/include -D__nuttx__  -pipe -DCOAP_MAX_RESOURCES=16 -DCOAP_MAX_ATTRIBUTES=16 -DCOAP_MAX_SUBSCRIBERS=0 -DCOAP_MAX_PDU_SIZE=128 -DCOAP_PDU_MAXCNT=3 -DCOAP_RESOURCES_NOHASH -I. -isystem /home/nmacs/elster/ng4/omega/nuttx/include -D__nuttx__  -DWITH_MEMB -DWITHOUT_ASYNC -DWITHOUT_OBSERVE -DWITH_POSIX -nostartfiles -nodefaultlibs -g conftest.c  >&5
conftest.c:54:1: warning: function declaration isn't a prototype [-Wstrict-prototypes]
 char socket ();
 ^
conftest.c:63:1: warning: function declaration isn't a prototype [-Wstrict-prototypes]
 main ()
 ^
/home/nmacs/elster/ng4/omega/misc/buildroot-1.13/build_arm_nofpu/staging_dir/lib/gcc/arm-nuttx-eabi/4.8.2/../../../../arm-nuttx-eabi/bin/ld: warning: cannot find entry symbol _start; defaulting to 0000000000008000
/tmp/ccduvmOy.o: In function `main':
/home/nmacs/elster/ng4/omega/nuttx-7.3/libcoap/libcoap-4.1.1/conftest.c:65: undefined reference to `socket'
collect2: error: ld returned 1 exit status
configure:4126: $? = 1
configure: failed program was:
| /* confdefs.h */
| #define PACKAGE_NAME "libcoap"
| #define PACKAGE_TARNAME "libcoap"
| #define PACKAGE_VERSION "4.1.1"
| #define PACKAGE_STRING "libcoap 4.1.1"
| #define PACKAGE_BUGREPORT ""
| #define PACKAGE_URL ""
| #define STDC_HEADERS 1
| #define HAVE_SYS_TYPES_H 1
| #define HAVE_SYS_STAT_H 1
| #define HAVE_STDLIB_H 1
| #define HAVE_STRING_H 1
| #define HAVE_INTTYPES_H 1
| #define HAVE_STDINT_H 1
| #define HAVE_UNISTD_H 1
| #define HAVE_ASSERT_H 1
| #define HAVE_ARPA_INET_H 1
| #define HAVE_LIMITS_H 1
| #define HAVE_NETINET_IN_H 1
| #define HAVE_STDLIB_H 1
| #define HAVE_STRING_H 1
| #define HAVE_SYS_SOCKET_H 1
| #define HAVE_SYS_TIME_H 1
| #define HAVE_TIME_H 1
| #define HAVE_UNISTD_H 1
| #define HAVE_SYSLOG_H 1
| #define HAVE_STDLIB_H 1
| #define HAVE_MALLOC 0
| #define malloc rpl_malloc
| /* end confdefs.h.  */
| /* Define socket to an innocuous variant, in case <limits.h> declares socket.
|    For example, HP-UX 11i <limits.h> declares gettimeofday.  */
| #define socket innocuous_socket
| 
| /* System header to define __stub macros and hopefully few prototypes,
|     which can conflict with char socket (); below.
|     Prefer <limits.h> to <assert.h> if __STDC__ is defined, since
|     <limits.h> exists even on freestanding compilers.  */
| 
| #ifdef __STDC__
| # include <limits.h>
| #else
| # include <assert.h>
| #endif
| 
| #undef socket
| 
| /* Override any GCC internal prototype to avoid an error.
|    Use char because int might match the return type of a GCC
|    builtin and then its argument prototype would still apply.  */
| #ifdef __cplusplus
| extern "C"
| #endif
| char socket ();
| /* The GNU C library defines this for functions which it implements
|     to always fail with ENOSYS.  Some functions are actually named
|     something starting with __ and the normal name is an alias.  */
| #if defined __stub_socket || defined __stub___socket
| choke me
| #endif
| 
| int
| main ()
| {
| return socket ();
|   ;
|   return 0;
| }
configure:4126: result: no
configure:4126: checking for strcasecmp
configure:4126: arm-nuttx-eabi-gcc -o conftest -fno-builtin -fdata-sections -ffunction-sections -DCOAP_WITHOUT_ASYNC -Wall -Wstrict-prototypes -Wshadow -g -Os -fno-strict-aliasing -fno-strength-reduce -fomit-frame-pointer -mcpu=cortex-m4 -mthumb -march=armv7e-m -mfloat-abi=soft -I. -isystem /home/nmacs/elster/ng4/omega/nuttx/include -D__nuttx__  -pipe -DCOAP_MAX_RESOURCES=16 -DCOAP_MAX_ATTRIBUTES=16 -DCOAP_MAX_SUBSCRIBERS=0 -DCOAP_MAX_PDU_SIZE=128 -DCOAP_PDU_MAXCNT=3 -DCOAP_RESOURCES_NOHASH -I. -isystem /home/nmacs/elster/ng4/omega/nuttx/include -D__nuttx__  -DWITH_MEMB -DWITHOUT_ASYNC -DWITHOUT_OBSERVE -DWITH_POSIX -nostartfiles -nodefaultlibs -g conftest.c  >&5
conftest.c:54:1: warning: function declaration isn't a prototype [-Wstrict-prototypes]
 char strcasecmp ();
 ^
conftest.c:63:1: warning: function declaration isn't a prototype [-Wstrict-prototypes]
 main ()
 ^
/home/nmacs/elster/ng4/omega/misc/buildroot-1.13/build_arm_nofpu/staging_dir/lib/gcc/arm-nuttx-eabi/4.8.2/../../../../arm-nuttx-eabi/bin/ld: warning: cannot find entry symbol _start; defaulting to 0000000000008000
/tmp/cc5yoTXB.o: In function `main':
/home/nmacs/elster/ng4/omega/nuttx-7.3/libcoap/libcoap-4.1.1/conftest.c:65: undefined reference to `strcasecmp'
collect2: error: ld returned 1 exit status
configure:4126: $? = 1
configure: failed program was:
| /* confdefs.h */
| #define PACKAGE_NAME "libcoap"
| #define PACKAGE_TARNAME "libcoap"
| #define PACKAGE_VERSION "4.1.1"
| #define PACKAGE_STRING "libcoap 4.1.1"
| #define PACKAGE_BUGREPORT ""
| #define PACKAGE_URL ""
| #define STDC_HEADERS 1
| #define HAVE_SYS_TYPES_H 1
| #define HAVE_SYS_STAT_H 1
| #define HAVE_STDLIB_H 1
| #define HAVE_STRING_H 1
| #define HAVE_INTTYPES_H 1
| #define HAVE_STDINT_H 1
| #define HAVE_UNISTD_H 1
| #define HAVE_ASSERT_H 1
| #define HAVE_ARPA_INET_H 1
| #define HAVE_LIMITS_H 1
| #define HAVE_NETINET_IN_H 1
| #define HAVE_STDLIB_H 1
| #define HAVE_STRING_H 1
| #define HAVE_SYS_SOCKET_H 1
| #define HAVE_SYS_TIME_H 1
| #define HAVE_TIME_H 1
| #define HAVE_UNISTD_H 1
| #define HAVE_SYSLOG_H 1
| #define HAVE_STDLIB_H 1
| #define HAVE_MALLOC 0
| #define malloc rpl_malloc
| /* end confdefs.h.  */
| /* Define strcasecmp to an innocuous variant, in case <limits.h> declares strcasecmp.
|    For example, HP-UX 11i <limits.h> declares gettimeofday.  */
| #define strcasecmp innocuous_strcasecmp
| 
| /* System header to define __stub macros and hopefully few prototypes,
|     which can conflict with char strcasecmp (); below.
|     Prefer <limits.h> to <assert.h> if __STDC__ is defined, since
|     <limits.h> exists even on freestanding compilers.  */
| 
| #ifdef __STDC__
| # include <limits.h>
| #else
| # include <assert.h>
| #endif
| 
| #undef strcasecmp
| 
| /* Override any GCC internal prototype to avoid an error.
|    Use char because int might match the return type of a GCC
|    builtin and then its argument prototype would still apply.  */
| #ifdef __cplusplus
| extern "C"
| #endif
| char strcasecmp ();
| /* The GNU C library defines this for functions which it implements
|     to always fail with ENOSYS.  Some functions are actually named
|     something starting with __ and the normal name is an alias.  */
| #if defined __stub_strcasecmp || defined __stub___strcasecmp
| choke me
| #endif
| 
| int
| main ()
| {
| return strcasecmp ();
|   ;
|   return 0;
| }
configure:4126: result: no
configure:4126: checking for strrchr
configure:4126: arm-nuttx-eabi-gcc -o conftest -fno-builtin -fdata-sections -ffunction-sections -DCOAP_WITHOUT_ASYNC -Wall -Wstrict-prototypes -Wshadow -g -Os -fno-strict-aliasing -fno-strength-reduce -fomit-frame-pointer -mcpu=cortex-m4 -mthumb -march=armv7e-m -mfloat-abi=soft -I. -isystem /home/nmacs/elster/ng4/omega/nuttx/include -D__nuttx__  -pipe -DCOAP_MAX_RESOURCES=16 -DCOAP_MAX_ATTRIBUTES=16 -DCOAP_MAX_SUBSCRIBERS=0 -DCOAP_MAX_PDU_SIZE=128 -DCOAP_PDU_MAXCNT=3 -DCOAP_RESOURCES_NOHASH -I. -isystem /home/nmacs/elster/ng4/omega/nuttx/include -D__nuttx__  -DWITH_MEMB -DWITHOUT_ASYNC -DWITHOUT_OBSERVE -DWITH_POSIX -nostartfiles -nodefaultlibs -g conftest.c  >&5
conftest.c:54:1: warning: function declaration isn't a prototype [-Wstrict-prototypes]
 char strrchr ();
 ^
conftest.c:63:1: warning: function declaration isn't a prototype [-Wstrict-prototypes]
 main ()
 ^
/home/nmacs/elster/ng4/omega/misc/buildroot-1.13/build_arm_nofpu/staging_dir/lib/gcc/arm-nuttx-eabi/4.8.2/../../../../arm-nuttx-eabi/bin/ld: warning: cannot find entry symbol _start; defaulting to 0000000000008000
/tmp/ccEjMyRC.o: In function `main':
/home/nmacs/elster/ng4/omega/nuttx-7.3/libcoap/libcoap-4.1.1/conftest.c:65: undefined reference to `strrchr'
collect2: error: ld returned 1 exit status
configure:4126: $? = 1
configure: failed program was:
| /* confdefs.h */
| #define PACKAGE_NAME "libcoap"
| #define PACKAGE_TARNAME "libcoap"
| #define PACKAGE_VERSION "4.1.1"
| #define PACKAGE_STRING "libcoap 4.1.1"
| #define PACKAGE_BUGREPORT ""
| #define PACKAGE_URL ""
| #define STDC_HEADERS 1
| #define HAVE_SYS_TYPES_H 1
| #define HAVE_SYS_STAT_H 1
| #define HAVE_STDLIB_H 1
| #define HAVE_STRING_H 1
| #define HAVE_INTTYPES_H 1
| #define HAVE_STDINT_H 1
| #define HAVE_UNISTD_H 1
| #define HAVE_ASSERT_H 1
| #define HAVE_ARPA_INET_H 1
| #define HAVE_LIMITS_H 1
| #define HAVE_NETINET_IN_H 1
| #define HAVE_STDLIB_H 1
| #define HAVE_STRING_H 1
| #define HAVE_SYS_SOCKET_H 1
| #define HAVE_SYS_TIME_H 1
| #define HAVE_TIME_H 1
| #define HAVE_UNISTD_H 1
| #define HAVE_SYSLOG_H 1
| #define HAVE_STDLIB_H 1
| #define HAVE_MALLOC 0
| #define malloc rpl_malloc
| /* end confdefs.h.  */
| /* Define strrchr to an innocuous variant, in case <limits.h> declares strrchr.
|    For example, HP-UX 11i <limits.h> declares gettimeofday.  */
| #define strrchr innocuous_strrchr
| 
| /* System header to define __stub macros and hopefully few prototypes,
|     which can conflict with char strrchr (); below.
|     Prefer <limits.h> to <assert.h> if __STDC__ is defined, since
|     <limits.h> exists even on freestanding compilers.  */
| 
| #ifdef __STDC__
| # include <limits.h>
| #else
| # include <assert.h>
| #endif
| 
| #undef strrchr
| 
| /* Override any GCC internal prototype to avoid an error.
|    Use char because int might match the return type of a GCC
|    builtin and then its argument prototype would still apply.  */
| #ifdef __cplusplus
| extern "C"
| #endif
| char strrchr ();
| /* The GNU C library defines this for functions which it implements
|     to always fail with ENOSYS.  Some functions are actually named
|     something starting with __ and the normal name is an alias.  */
| #if defined __stub_strrchr || defined __stub___strrchr
| choke me
| #endif
| 
| int
| main ()
| {
| return strrchr ();
|   ;
|   return 0;
| }
configure:4126: result: no
configure:4126: checking for getaddrinfo
configure:4126: arm-nuttx-eabi-gcc -o conftest -fno-builtin -fdata-sections -ffunction-sections -DCOAP_WITHOUT_ASYNC -Wall -Wstrict-prototypes -Wshadow -g -Os -fno-strict-aliasing -fno-strength-reduce -fomit-frame-pointer -mcpu=cortex-m4 -mthumb -march=armv7e-m -mfloat-abi=soft -I. -isystem /home/nmacs/elster/ng4/omega/nuttx/include -D__nuttx__  -pipe -DCOAP_MAX_RESOURCES=16 -DCOAP_MAX_ATTRIBUTES=16 -DCOAP_MAX_SUBSCRIBERS=0 -DCOAP_MAX_PDU_SIZE=128 -DCOAP_PDU_MAXCNT=3 -DCOAP_RESOURCES_NOHASH -I. -isystem /home/nmacs/elster/ng4/omega/nuttx/include -D__nuttx__  -DWITH_MEMB -DWITHOUT_ASYNC -DWITHOUT_OBSERVE -DWITH_POSIX -nostartfiles -nodefaultlibs -g conftest.c  >&5
conftest.c:54:1: warning: function declaration isn't a prototype [-Wstrict-prototypes]
 char getaddrinfo ();
 ^
conftest.c:63:1: warning: function declaration isn't a prototype [-Wstrict-prototypes]
 main ()
 ^
/home/nmacs/elster/ng4/omega/misc/buildroot-1.13/build_arm_nofpu/staging_dir/lib/gcc/arm-nuttx-eabi/4.8.2/../../../../arm-nuttx-eabi/bin/ld: warning: cannot find entry symbol _start; defaulting to 0000000000008000
/tmp/ccEg1VhF.o: In function `main':
/home/nmacs/elster/ng4/omega/nuttx-7.3/libcoap/libcoap-4.1.1/conftest.c:65: undefined reference to `getaddrinfo'
collect2: error: ld returned 1 exit status
configure:4126: $? = 1
configure: failed program was:
| /* confdefs.h */
| #define PACKAGE_NAME "libcoap"
| #define PACKAGE_TARNAME "libcoap"
| #define PACKAGE_VERSION "4.1.1"
| #define PACKAGE_STRING "libcoap 4.1.1"
| #define PACKAGE_BUGREPORT ""
| #define PACKAGE_URL ""
| #define STDC_HEADERS 1
| #define HAVE_SYS_TYPES_H 1
| #define HAVE_SYS_STAT_H 1
| #define HAVE_STDLIB_H 1
| #define HAVE_STRING_H 1
| #define HAVE_INTTYPES_H 1
| #define HAVE_STDINT_H 1
| #define HAVE_UNISTD_H 1
| #define HAVE_ASSERT_H 1
| #define HAVE_ARPA_INET_H 1
| #define HAVE_LIMITS_H 1
| #define HAVE_NETINET_IN_H 1
| #define HAVE_STDLIB_H 1
| #define HAVE_STRING_H 1
| #define HAVE_SYS_SOCKET_H 1
| #define HAVE_SYS_TIME_H 1
| #define HAVE_TIME_H 1
| #define HAVE_UNISTD_H 1
| #define HAVE_SYSLOG_H 1
| #define HAVE_STDLIB_H 1
| #define HAVE_MALLOC 0
| #define malloc rpl_malloc
| /* end confdefs.h.  */
| /* Define getaddrinfo to an innocuous variant, in case <limits.h> declares getaddrinfo.
|    For example, HP-UX 11i <limits.h> declares gettimeofday.  */
| #define getaddrinfo innocuous_getaddrinfo
| 
| /* System header to define __stub macros and hopefully few prototypes,
|     which can conflict with char getaddrinfo (); below.
|     Prefer <limits.h> to <assert.h> if __STDC__ is defined, since
|     <limits.h> exists even on freestanding compilers.  */
| 
| #ifdef __STDC__
| # include <limits.h>
| #else
| # include <assert.h>
| #endif
| 
| #undef getaddrinfo
| 
| /* Override any GCC internal prototype to avoid an error.
|    Use char because int might match the return type of a GCC
|    builtin and then its argument prototype would still apply.  */
| #ifdef __cplusplus
| extern "C"
| #endif
| char getaddrinfo ();
| /* The GNU C library defines this for functions which it implements
|     to always fail with ENOSYS.  Some functions are actually named
|     something starting with __ and the normal name is an alias.  */
| #if defined __stub_getaddrinfo || defined __stub___getaddrinfo
| choke me
| #endif
| 
| int
| main ()
| {
| return getaddrinfo ();
|   ;
|   return 0;
| }
configure:4126: result: no
configure:4126: checking for strnlen
configure:4126: arm-nuttx-eabi-gcc -o conftest -fno-builtin -fdata-sections -ffunction-sections -DCOAP_WITHOUT_ASYNC -Wall -Wstrict-prototypes -Wshadow -g -Os -fno-strict-aliasing -fno-strength-reduce -fomit-frame-pointer -mcpu=cortex-m4 -mthumb -march=armv7e-m -mfloat-abi=soft -I. -isystem /home/nmacs/elster/ng4/omega/nuttx/include -D__nuttx__  -pipe -DCOAP_MAX_RESOURCES=16 -DCOAP_MAX_ATTRIBUTES=16 -DCOAP_MAX_SUBSCRIBERS=0 -DCOAP_MAX_PDU_SIZE=128 -DCOAP_PDU_MAXCNT=3 -DCOAP_RESOURCES_NOHASH -I. -isystem /home/nmacs/elster/ng4/omega/nuttx/include -D__nuttx__  -DWITH_MEMB -DWITHOUT_ASYNC -DWITHOUT_OBSERVE -DWITH_POSIX -nostartfiles -nodefaultlibs -g conftest.c  >&5
conftest.c:54:1: warning: function declaration isn't a prototype [-Wstrict-prototypes]
 char strnlen ();
 ^
conftest.c:63:1: warning: function declaration isn't a prototype [-Wstrict-prototypes]
 main ()
 ^
/home/nmacs/elster/ng4/omega/misc/buildroot-1.13/build_arm_nofpu/staging_dir/lib/gcc/arm-nuttx-eabi/4.8.2/../../../../arm-nuttx-eabi/bin/ld: warning: cannot find entry symbol _start; defaulting to 0000000000008000
/tmp/cckWCIjH.o: In function `main':
/home/nmacs/elster/ng4/omega/nuttx-7.3/libcoap/libcoap-4.1.1/conftest.c:65: undefined reference to `strnlen'
collect2: error: ld returned 1 exit status
configure:4126: $? = 1
configure: failed program was:
| /* confdefs.h */
| #define PACKAGE_NAME "libcoap"
| #define PACKAGE_TARNAME "libcoap"
| #define PACKAGE_VERSION "4.1.1"
| #define PACKAGE_STRING "libcoap 4.1.1"
| #define PACKAGE_BUGREPORT ""
| #define PACKAGE_URL ""
| #define STDC_HEADERS 1
| #define HAVE_SYS_TYPES_H 1
| #define HAVE_SYS_STAT_H 1
| #define HAVE_STDLIB_H 1
| #define HAVE_STRING_H 1
| #define HAVE_INTTYPES_H 1
| #define HAVE_STDINT_H 1
| #define HAVE_UNISTD_H 1
| #define HAVE_ASSERT_H 1
| #define HAVE_ARPA_INET_H 1
| #define HAVE_LIMITS_H 1
| #define HAVE_NETINET_IN_H 1
| #define HAVE_STDLIB_H 1
| #define HAVE_STRING_H 1
| #define HAVE_SYS_SOCKET_H 1
| #define HAVE_SYS_TIME_H 1
| #define HAVE_TIME_H 1
| #define HAVE_UNISTD_H 1
| #define HAVE_SYSLOG_H 1
| #define HAVE_STDLIB_H 1
| #define HAVE_MALLOC 0
| #define malloc rpl_malloc
| /* end confdefs.h.  */
| /* Define strnlen to an innocuous variant, in case <limits.h> declares strnlen.
|    For example, HP-UX 11i <limits.h> declares gettimeofday.  */
| #define strnlen innocuous_strnlen
| 
| /* System header to define __stub macros and hopefully few prototypes,
|     which can conflict with char strnlen (); below.
|     Prefer <limits.h> to <assert.h> if __STDC__ is defined, since
|     <limits.h> exists even on freestanding compilers.  */
| 
| #ifdef __STDC__
| # include <limits.h>
| #else
| # include <assert.h>
| #endif
| 
| #undef strnlen
| 
| /* Override any GCC internal prototype to avoid an error.
|    Use char because int might match the return type of a GCC
|    builtin and then its argument prototype would still apply.  */
| #ifdef __cplusplus
| extern "C"
| #endif
| char strnlen ();
| /* The GNU C library defines this for functions which it implements
|     to always fail with ENOSYS.  Some functions are actually named
|     something starting with __ and the normal name is an alias.  */
| #if defined __stub_strnlen || defined __stub___strnlen
| choke me
| #endif
| 
| int
| main ()
| {
| return strnlen ();
|   ;
|   return 0;
| }
configure:4126: result: no
configure:4259: creating ./config.status

## ---------------------- ##
## Running config.status. ##
## ---------------------- ##

This file was extended by libcoap config.status 4.1.1, which was
generated by GNU Autoconf 2.69.  Invocation command line was

  CONFIG_FILES    = 
  CONFIG_HEADERS  = 
  CONFIG_LINKS    = 
  CONFIG_COMMANDS = 
  $ ./config.status 

on nmacs-laptop

config.status:822: creating Makefile
config.status:822: creating doc/Makefile
config.status:822: creating doc/Doxyfile
config.status:822: creating examples/Makefile
config.status:822: creating tests/Makefile
config.status:822: creating config.h
config.status:992: config.h is unchanged

## ---------------- ##
## Cache variables. ##
## ---------------- ##

ac_cv_c_bigendian=no
ac_cv_c_compiler_gnu=yes
ac_cv_env_CC_set=set
ac_cv_env_CC_value=arm-nuttx-eabi-gcc
ac_cv_env_CFLAGS_set=set
ac_cv_env_CFLAGS_value='-fno-builtin -fdata-sections -ffunction-sections -DCOAP_WITHOUT_ASYNC -Wall -Wstrict-prototypes -Wshadow -g -Os -fno-strict-aliasing -fno-strength-reduce -fomit-frame-pointer -mcpu=cortex-m4 -mthumb -march=armv7e-m -mfloat-abi=soft -I. -isystem /home/nmacs/elster/ng4/omega/nuttx/include -D__nuttx__  -pipe -DCOAP_MAX_RESOURCES=16 -DCOAP_MAX_ATTRIBUTES=16 -DCOAP_MAX_SUBSCRIBERS=0 -DCOAP_MAX_PDU_SIZE=128 -DCOAP_PDU_MAXCNT=3 -DCOAP_RESOURCES_NOHASH'
ac_cv_env_CPPFLAGS_set=set
ac_cv_env_CPPFLAGS_value='-I. -isystem /home/nmacs/elster/ng4/omega/nuttx/include -D__nuttx__ '
ac_cv_env_CPP_set=set
ac_cv_env_CPP_value='arm-nuttx-eabi-gcc -E'
ac_cv_env_LDFLAGS_set=set
ac_cv_env_LDFLAGS_value='-nostartfiles -nodefaultlibs -g'
ac_cv_env_LIBS_set=
ac_cv_env_LIBS_value=
ac_cv_env_build_alias_set=set
ac_cv_env_build_alias_value=pc
ac_cv_env_host_alias_set=set
ac_cv_env_host_alias_value=arm-nuttx-eabi
ac_cv_env_target_alias_set=
ac_cv_env_target_alias_value=
ac_cv_func_getaddrinfo=no
ac_cv_func_malloc_0_nonnull=no
ac_cv_func_memset=no
ac_cv_func_select=no
ac_cv_func_socket=no
ac_cv_func_strcasecmp=no
ac_cv_func_strnlen=no
ac_cv_func_strrchr=no
ac_cv_header_arpa_inet_h=yes
ac_cv_header_assert_h=yes
ac_cv_header_inttypes_h=yes
ac_cv_header_limits_h=yes
ac_cv_header_memory_h=no
ac_cv_header_netdb_h=no
ac_cv_header_netinet_in_h=yes
ac_cv_header_stdc=yes
ac_cv_header_stdint_h=yes
ac_cv_header_stdlib_h=yes
ac_cv_header_string_h=yes
ac_cv_header_strings_h=no
ac_cv_header_sys_socket_h=yes
ac_cv_header_sys_stat_h=yes
ac_cv_header_sys_time_h=yes
ac_cv_header_sys_types_h=yes
ac_cv_header_sys_unistd_h=no
ac_cv_header_syslog_h=yes
ac_cv_header_time_h=yes
ac_cv_header_unistd_h=yes
ac_cv_lib_coap_coap_new_pdu=no
ac_cv_objext=o
ac_cv_path_DOXYGEN=/usr/bin/doxygen
ac_cv_path_EGREP='/bin/grep -E'
ac_cv_path_ETAGS=/usr/bin/etags
ac_cv_path_GREP=/bin/grep
ac_cv_prog_CC=arm-nuttx-eabi-gcc
ac_cv_prog_CPP='arm-nuttx-eabi-gcc -E'
ac_cv_prog_RANLIB=arm-nuttx-eabi-ranlib
ac_cv_prog_cc_c89=
ac_cv_prog_cc_g=yes
ac_cv_prog_make_make_set=yes
ac_cv_search_gethostbyname=no
ac_cv_search_socket=no
ac_cv_type_size_t=yes
ac_cv_type_ssize_t=yes

## ----------------- ##
## Output variables. ##
## ----------------- ##

BUILD_SO=''
CC='arm-nuttx-eabi-gcc'
CFLAGS='-fno-builtin -fdata-sections -ffunction-sections -DCOAP_WITHOUT_ASYNC -Wall -Wstrict-prototypes -Wshadow -g -Os -fno-strict-aliasing -fno-strength-reduce -fomit-frame-pointer -mcpu=cortex-m4 -mthumb -march=armv7e-m -mfloat-abi=soft -I. -isystem /home/nmacs/elster/ng4/omega/nuttx/include -D__nuttx__  -pipe -DCOAP_MAX_RESOURCES=16 -DCOAP_MAX_ATTRIBUTES=16 -DCOAP_MAX_SUBSCRIBERS=0 -DCOAP_MAX_PDU_SIZE=128 -DCOAP_PDU_MAXCNT=3 -DCOAP_RESOURCES_NOHASH'
CPP='arm-nuttx-eabi-gcc -E'
CPPFLAGS='-I. -isystem /home/nmacs/elster/ng4/omega/nuttx/include -D__nuttx__  -DWITH_MEMB -DWITHOUT_ASYNC -DWITHOUT_OBSERVE -DWITH_POSIX'
DEFS='-DHAVE_CONFIG_H'
DOXYGEN='/usr/bin/doxygen'
ECHO_C=''
ECHO_N='-n'
ECHO_T=''
EGREP='/bin/grep -E'
ETAGS='/usr/bin/etags'
EXEEXT=''
GREP='/bin/grep'
LDFLAGS='-nostartfiles -nodefaultlibs -g'
LIBOBJS=' ${LIBOBJDIR}malloc$U.o'
LIBS=''
LTLIBOBJS=' ${LIBOBJDIR}malloc$U.lo'
OBJEXT='o'
PACKAGE_BUGREPORT=''
PACKAGE_NAME='libcoap'
PACKAGE_STRING='libcoap 4.1.1'
PACKAGE_TARNAME='libcoap'
PACKAGE_URL=''
PACKAGE_VERSION='4.1.1'
PATH_SEPARATOR=':'
RANLIB='arm-nuttx-eabi-ranlib'
SET_MAKE=''
SHELL='/bin/bash'
TESTS=''
ac_ct_CC=''
bindir='${exec_prefix}/bin'
build_alias='pc'
datadir='${datarootdir}'
datarootdir='${prefix}/share'
docdir='${datarootdir}/doc/${PACKAGE_TARNAME}'
dvidir='${docdir}'
exec_prefix='${prefix}'
host_alias='arm-nuttx-eabi'
htmldir='${docdir}'
includedir='${prefix}/include'
infodir='${datarootdir}/info'
libdir='${exec_prefix}/lib'
libexecdir='${exec_prefix}/libexec'
localedir='${datarootdir}/locale'
localstatedir='${prefix}/var'
mandir='${datarootdir}/man'
oldincludedir='/usr/include'
pdfdir='${docdir}'
prefix='/home/nmacs/elster/ng4/omega/nuttx-7.3/libcoap/output'
program_transform_name='s,x,x,'
psdir='${docdir}'
sbindir='${exec_prefix}/sbin'
sharedstatedir='${prefix}/com'
sysconfdir='${prefix}/etc'
target_alias=''

## ----------- ##
## confdefs.h. ##
## ----------- ##

/* confdefs.h */
#define PACKAGE_NAME "libcoap"
#define PACKAGE_TARNAME "libcoap"
#define PACKAGE_VERSION "4.1.1"
#define PACKAGE_STRING "libcoap 4.1.1"
#define PACKAGE_BUGREPORT ""
#define PACKAGE_URL ""
#define STDC_HEADERS 1
#define HAVE_SYS_TYPES_H 1
#define HAVE_SYS_STAT_H 1
#define HAVE_STDLIB_H 1
#define HAVE_STRING_H 1
#define HAVE_INTTYPES_H 1
#define HAVE_STDINT_H 1
#define HAVE_UNISTD_H 1
#define HAVE_ASSERT_H 1
#define HAVE_ARPA_INET_H 1
#define HAVE_LIMITS_H 1
#define HAVE_NETINET_IN_H 1
#define HAVE_STDLIB_H 1
#define HAVE_STRING_H 1
#define HAVE_SYS_SOCKET_H 1
#define HAVE_SYS_TIME_H 1
#define HAVE_TIME_H 1
#define HAVE_UNISTD_H 1
#define HAVE_SYSLOG_H 1
#define HAVE_STDLIB_H 1
#define HAVE_MALLOC 0
#define malloc rpl_malloc

configure: exit 0
